[ 2017-06-03T10:22:28+08:00 ] 127.0.0.1 /
INFO: [ app_init ] --START--
INFO: Run Behavior\BuildLiteBehavior [ RunTime:0.000000s ]
INFO: [ app_init ] --END-- [ RunTime:0.001000s ]
INFO: [ app_begin ] --START--
INFO: Run Behavior\ReadHtmlCacheBehavior [ RunTime:0.001000s ]
INFO: [ app_begin ] --END-- [ RunTime:0.002000s ]
SQL: SHOW COLUMNS FROM `blog_tag` [ RunTime:0.0080s ]
SQL: SELECT * FROM `blog_tag`  [ RunTime:0.0010s ]
SQL: select a.* from blog_content a left join blog_content_tag b on a.id=b.article_id left join blog_tag c on b.tag_id=c.id where c.id=1 [ RunTime:0.0030s ]
SQL: select a.* from blog_content a left join blog_content_tag b on a.id=b.article_id left join blog_tag c on b.tag_id=c.id where c.id=2 [ RunTime:0.0010s ]
SQL: select a.* from blog_content a left join blog_content_tag b on a.id=b.article_id left join blog_tag c on b.tag_id=c.id where c.id=3 [ RunTime:0.0000s ]
SQL: select a.* from blog_content a left join blog_content_tag b on a.id=b.article_id left join blog_tag c on b.tag_id=c.id where c.id=4 [ RunTime:0.0000s ]
SQL: select a.* from blog_content a left join blog_content_tag b on a.id=b.article_id left join blog_tag c on b.tag_id=c.id where c.id=5 [ RunTime:0.0010s ]
SQL: SHOW COLUMNS FROM `blog_content` [ RunTime:0.0050s ]
SQL: SELECT * FROM `blog_content` ORDER BY reading_num LIMIT 10   [ RunTime:0.0020s ]
SQL: SHOW COLUMNS FROM `blog_type` [ RunTime:0.0050s ]
SQL: SELECT * FROM `blog_type` ORDER BY order_by desc  [ RunTime:0.0000s ]
SQL: SHOW COLUMNS FROM `blog_config` [ RunTime:0.0050s ]
SQL: SELECT * FROM `blog_config` WHERE ( id=1 ) LIMIT 1   [ RunTime:0.0000s ]
SQL: SHOW COLUMNS FROM `blog_link` [ RunTime:0.0050s ]
SQL: SELECT * FROM `blog_link`  [ RunTime:0.0010s ]
SQL: SELECT * FROM `blog_content` WHERE ( is_top=1 ) ORDER BY create_time desc LIMIT 2   [ RunTime:0.0010s ]
SQL: SHOW COLUMNS FROM `blog_content` [ RunTime:0.0050s ]
SQL: select a.*,b.type_name,b.id as typeid from blog_content a left join blog_type b on a.type_id=b.id order by a.create_time desc [ RunTime:0.0030s ]
SQL: select a.*,b.type_name,b.id as typeid from blog_content a left join blog_type b on a.type_id=b.id order by a.create_time desc limit 0,10 [ RunTime:0.0050s ]
INFO: [ view_parse ] --START--
INFO: [ template_filter ] --START--
INFO: Run Behavior\ContentReplaceBehavior [ RunTime:0.001001s ]
INFO: [ template_filter ] --END-- [ RunTime:0.001001s ]
INFO: Run Behavior\ParseTemplateBehavior [ RunTime:0.071004s ]
INFO: [ view_parse ] --END-- [ RunTime:0.071004s ]
INFO: [ view_filter ] --START--
INFO: Run Behavior\WriteHtmlCacheBehavior [ RunTime:0.002000s ]
INFO: [ view_filter ] --END-- [ RunTime:0.002000s ]
INFO: [ app_end ] --START--
INFO: Run Behavior\ShowPageTraceBehavior [ RunTime:0.005001s ]
INFO: [ app_end ] --END-- [ RunTime:0.005001s ]

[ 2017-06-03T10:28:12+08:00 ] 127.0.0.1 /
INFO: [ app_init ] --START--
INFO: Run Behavior\BuildLiteBehavior [ RunTime:0.000000s ]
INFO: [ app_init ] --END-- [ RunTime:0.001001s ]
INFO: [ app_begin ] --START--
INFO: Run Behavior\ReadHtmlCacheBehavior [ RunTime:0.000000s ]
INFO: [ app_begin ] --END-- [ RunTime:0.000000s ]
SQL: SHOW COLUMNS FROM `blog_tag` [ RunTime:0.0110s ]
SQL: SELECT * FROM `blog_tag`  [ RunTime:0.0010s ]
SQL: select a.* from blog_content a left join blog_content_tag b on a.id=b.article_id left join blog_tag c on b.tag_id=c.id where c.id=1 [ RunTime:0.0030s ]
SQL: select a.* from blog_content a left join blog_content_tag b on a.id=b.article_id left join blog_tag c on b.tag_id=c.id where c.id=2 [ RunTime:0.0030s ]
SQL: select a.* from blog_content a left join blog_content_tag b on a.id=b.article_id left join blog_tag c on b.tag_id=c.id where c.id=3 [ RunTime:0.0010s ]
SQL: select a.* from blog_content a left join blog_content_tag b on a.id=b.article_id left join blog_tag c on b.tag_id=c.id where c.id=4 [ RunTime:0.0020s ]
SQL: select a.* from blog_content a left join blog_content_tag b on a.id=b.article_id left join blog_tag c on b.tag_id=c.id where c.id=5 [ RunTime:0.0010s ]
SQL: SHOW COLUMNS FROM `blog_content` [ RunTime:0.0070s ]
SQL: SELECT * FROM `blog_content` ORDER BY reading_num LIMIT 10   [ RunTime:0.0030s ]
SQL: SHOW COLUMNS FROM `blog_type` [ RunTime:0.0060s ]
SQL: SELECT * FROM `blog_type` ORDER BY order_by desc  [ RunTime:0.0010s ]
SQL: SHOW COLUMNS FROM `blog_config` [ RunTime:0.0060s ]
SQL: SELECT * FROM `blog_config` WHERE ( id=1 ) LIMIT 1   [ RunTime:0.0000s ]
SQL: SHOW COLUMNS FROM `blog_link` [ RunTime:0.0050s ]
SQL: SELECT * FROM `blog_link`  [ RunTime:0.0020s ]
SQL: SELECT * FROM `blog_content` WHERE ( is_top=1 ) ORDER BY create_time desc LIMIT 2   [ RunTime:0.0020s ]
SQL: SHOW COLUMNS FROM `blog_content` [ RunTime:0.0040s ]
SQL: select a.*,b.type_name,b.id as typeid from blog_content a left join blog_type b on a.type_id=b.id order by a.create_time desc [ RunTime:0.0030s ]
SQL: select a.*,b.type_name,b.id as typeid from blog_content a left join blog_type b on a.type_id=b.id order by a.create_time desc limit 0,10 [ RunTime:0.0020s ]
INFO: [ view_parse ] --START--
INFO: [ template_filter ] --START--
INFO: Run Behavior\ContentReplaceBehavior [ RunTime:0.000000s ]
INFO: [ template_filter ] --END-- [ RunTime:0.000000s ]
INFO: Run Behavior\ParseTemplateBehavior [ RunTime:0.015001s ]
INFO: [ view_parse ] --END-- [ RunTime:0.015001s ]
INFO: [ view_filter ] --START--
INFO: Run Behavior\WriteHtmlCacheBehavior [ RunTime:0.001000s ]
INFO: [ view_filter ] --END-- [ RunTime:0.001000s ]
INFO: [ app_end ] --START--
INFO: Run Behavior\ShowPageTraceBehavior [ RunTime:0.001000s ]
INFO: [ app_end ] --END-- [ RunTime:0.002000s ]

[ 2017-06-03T10:28:27+08:00 ] 127.0.0.1 /home/index/content/id/24
INFO: [ app_init ] --START--
INFO: Run Behavior\BuildLiteBehavior [ RunTime:0.000000s ]
INFO: [ app_init ] --END-- [ RunTime:0.001000s ]
INFO: [ app_begin ] --START--
INFO: Run Behavior\ReadHtmlCacheBehavior [ RunTime:0.001000s ]
INFO: [ app_begin ] --END-- [ RunTime:0.001000s ]
SQL: SHOW COLUMNS FROM `blog_tag` [ RunTime:0.0100s ]
SQL: SELECT * FROM `blog_tag`  [ RunTime:0.0010s ]
SQL: select a.* from blog_content a left join blog_content_tag b on a.id=b.article_id left join blog_tag c on b.tag_id=c.id where c.id=1 [ RunTime:0.0030s ]
SQL: select a.* from blog_content a left join blog_content_tag b on a.id=b.article_id left join blog_tag c on b.tag_id=c.id where c.id=2 [ RunTime:0.0030s ]
SQL: select a.* from blog_content a left join blog_content_tag b on a.id=b.article_id left join blog_tag c on b.tag_id=c.id where c.id=3 [ RunTime:0.0010s ]
SQL: select a.* from blog_content a left join blog_content_tag b on a.id=b.article_id left join blog_tag c on b.tag_id=c.id where c.id=4 [ RunTime:0.0010s ]
SQL: select a.* from blog_content a left join blog_content_tag b on a.id=b.article_id left join blog_tag c on b.tag_id=c.id where c.id=5 [ RunTime:0.0010s ]
SQL: SHOW COLUMNS FROM `blog_content` [ RunTime:0.0050s ]
SQL: SELECT * FROM `blog_content` ORDER BY reading_num LIMIT 10   [ RunTime:0.0030s ]
SQL: SHOW COLUMNS FROM `blog_type` [ RunTime:0.0060s ]
SQL: SELECT * FROM `blog_type` ORDER BY order_by desc  [ RunTime:0.0010s ]
SQL: SHOW COLUMNS FROM `blog_config` [ RunTime:0.0080s ]
SQL: SELECT * FROM `blog_config` WHERE ( id=1 ) LIMIT 1   [ RunTime:0.0010s ]
SQL: SHOW COLUMNS FROM `blog_link` [ RunTime:0.0050s ]
SQL: SELECT * FROM `blog_link`  [ RunTime:0.0000s ]
SQL: SELECT * FROM `blog_content` WHERE ( is_top=1 ) ORDER BY create_time desc LIMIT 2   [ RunTime:0.0010s ]
SQL: SHOW COLUMNS FROM `blog_content` [ RunTime:0.0050s ]
SQL: UPDATE `blog_content` SET `reading_num`=reading_num+1 WHERE ( id=24 ) [ RunTime:0.0340s ]
SQL: select b.type_name,b.id from blog_content a left join blog_type b on a.type_id=b.id where a.id=24 [ RunTime:0.0000s ]
SQL: SELECT * FROM `blog_content` WHERE ( id=24 ) LIMIT 1   [ RunTime:0.0010s ]
SQL: SELECT * FROM `blog_content` WHERE ( id<24 ) LIMIT 1   [ RunTime:0.0010s ]
SQL: SELECT * FROM `blog_content` WHERE ( id>24 ) LIMIT 1   [ RunTime:0.0000s ]
SQL: SELECT * FROM `blog_content`  [ RunTime:0.0030s ]
INFO: [ view_parse ] --START--
INFO: [ template_filter ] --START--
INFO: Run Behavior\ContentReplaceBehavior [ RunTime:0.000000s ]
INFO: [ template_filter ] --END-- [ RunTime:0.000000s ]
INFO: Run Behavior\ParseTemplateBehavior [ RunTime:0.014001s ]
INFO: [ view_parse ] --END-- [ RunTime:0.014001s ]
INFO: [ view_filter ] --START--
INFO: Run Behavior\WriteHtmlCacheBehavior [ RunTime:0.001000s ]
INFO: [ view_filter ] --END-- [ RunTime:0.001000s ]
INFO: [ app_end ] --START--
INFO: Run Behavior\ShowPageTraceBehavior [ RunTime:0.000000s ]
INFO: [ app_end ] --END-- [ RunTime:0.000000s ]

[ 2017-06-03T10:59:48+08:00 ] 127.0.0.1 /home/index/content/id/24
INFO: [ app_init ] --START--
INFO: Run Behavior\BuildLiteBehavior [ RunTime:0.000000s ]
INFO: [ app_init ] --END-- [ RunTime:0.001000s ]
INFO: [ app_begin ] --START--
INFO: Run Behavior\ReadHtmlCacheBehavior [ RunTime:0.004000s ]
INFO: [ app_begin ] --END-- [ RunTime:0.004000s ]
SQL: SHOW COLUMNS FROM `blog_tag` [ RunTime:0.0070s ]
SQL: SELECT * FROM `blog_tag`  [ RunTime:0.0010s ]
SQL: select a.* from blog_content a left join blog_content_tag b on a.id=b.article_id left join blog_tag c on b.tag_id=c.id where c.id=1 [ RunTime:0.0030s ]
SQL: select a.* from blog_content a left join blog_content_tag b on a.id=b.article_id left join blog_tag c on b.tag_id=c.id where c.id=2 [ RunTime:0.0030s ]
SQL: select a.* from blog_content a left join blog_content_tag b on a.id=b.article_id left join blog_tag c on b.tag_id=c.id where c.id=3 [ RunTime:0.0010s ]
SQL: select a.* from blog_content a left join blog_content_tag b on a.id=b.article_id left join blog_tag c on b.tag_id=c.id where c.id=4 [ RunTime:0.0010s ]
SQL: select a.* from blog_content a left join blog_content_tag b on a.id=b.article_id left join blog_tag c on b.tag_id=c.id where c.id=5 [ RunTime:0.0010s ]
SQL: SHOW COLUMNS FROM `blog_content` [ RunTime:0.0080s ]
SQL: SELECT * FROM `blog_content` ORDER BY reading_num LIMIT 10   [ RunTime:0.0040s ]
SQL: SHOW COLUMNS FROM `blog_type` [ RunTime:0.0080s ]
SQL: SELECT * FROM `blog_type` ORDER BY order_by desc  [ RunTime:0.0010s ]
SQL: SHOW COLUMNS FROM `blog_config` [ RunTime:0.0060s ]
SQL: SELECT * FROM `blog_config` WHERE ( id=1 ) LIMIT 1   [ RunTime:0.0010s ]
SQL: SHOW COLUMNS FROM `blog_link` [ RunTime:0.0050s ]
SQL: SELECT * FROM `blog_link`  [ RunTime:0.0010s ]
SQL: SELECT * FROM `blog_content` WHERE ( is_top=1 ) ORDER BY create_time desc LIMIT 2   [ RunTime:0.0010s ]
SQL: SHOW COLUMNS FROM `blog_content` [ RunTime:0.0050s ]
SQL: UPDATE `blog_content` SET `reading_num`=reading_num+1 WHERE ( id=24 ) [ RunTime:0.0020s ]
SQL: select b.type_name,b.id from blog_content a left join blog_type b on a.type_id=b.id where a.id=24 [ RunTime:0.0010s ]
SQL: SELECT * FROM `blog_content` WHERE ( id=24 ) LIMIT 1   [ RunTime:0.0010s ]
SQL: SELECT * FROM `blog_content` WHERE ( id<24 ) LIMIT 1   [ RunTime:0.0000s ]
SQL: SELECT * FROM `blog_content` WHERE ( id>24 ) LIMIT 1   [ RunTime:0.0000s ]
SQL: SELECT * FROM `blog_content`  [ RunTime:0.0020s ]
INFO: [ view_parse ] --START--
INFO: [ template_filter ] --START--
INFO: Run Behavior\ContentReplaceBehavior [ RunTime:0.000000s ]
INFO: [ template_filter ] --END-- [ RunTime:0.000000s ]
INFO: Run Behavior\ParseTemplateBehavior [ RunTime:0.045002s ]
INFO: [ view_parse ] --END-- [ RunTime:0.045002s ]
INFO: [ view_filter ] --START--
INFO: Run Behavior\WriteHtmlCacheBehavior [ RunTime:0.001001s ]
INFO: [ view_filter ] --END-- [ RunTime:0.001001s ]
INFO: [ app_end ] --START--
INFO: Run Behavior\ShowPageTraceBehavior [ RunTime:0.000000s ]
INFO: [ app_end ] --END-- [ RunTime:0.000000s ]

[ 2017-06-03T11:11:02+08:00 ] 127.0.0.1 /
INFO: [ app_init ] --START--
INFO: Run Behavior\BuildLiteBehavior [ RunTime:0.000000s ]
INFO: [ app_init ] --END-- [ RunTime:0.001000s ]
INFO: [ app_begin ] --START--
INFO: Run Behavior\ReadHtmlCacheBehavior [ RunTime:0.001000s ]
INFO: [ app_begin ] --END-- [ RunTime:0.001000s ]
SQL: SHOW COLUMNS FROM `blog_tag` [ RunTime:0.0080s ]
SQL: SELECT * FROM `blog_tag`  [ RunTime:0.0010s ]
SQL: select a.* from blog_content a left join blog_content_tag b on a.id=b.article_id left join blog_tag c on b.tag_id=c.id where c.id=1 [ RunTime:0.0030s ]
SQL: select a.* from blog_content a left join blog_content_tag b on a.id=b.article_id left join blog_tag c on b.tag_id=c.id where c.id=2 [ RunTime:0.0020s ]
SQL: select a.* from blog_content a left join blog_content_tag b on a.id=b.article_id left join blog_tag c on b.tag_id=c.id where c.id=3 [ RunTime:0.0010s ]
SQL: select a.* from blog_content a left join blog_content_tag b on a.id=b.article_id left join blog_tag c on b.tag_id=c.id where c.id=4 [ RunTime:0.0010s ]
SQL: select a.* from blog_content a left join blog_content_tag b on a.id=b.article_id left join blog_tag c on b.tag_id=c.id where c.id=5 [ RunTime:0.0000s ]
SQL: SHOW COLUMNS FROM `blog_content` [ RunTime:0.0070s ]
SQL: SELECT * FROM `blog_content` ORDER BY reading_num LIMIT 10   [ RunTime:0.0040s ]
SQL: SHOW COLUMNS FROM `blog_type` [ RunTime:0.0050s ]
SQL: SELECT * FROM `blog_type` ORDER BY order_by desc  [ RunTime:0.0010s ]
SQL: SHOW COLUMNS FROM `blog_config` [ RunTime:0.0060s ]
SQL: SELECT * FROM `blog_config` WHERE ( id=1 ) LIMIT 1   [ RunTime:0.0010s ]
SQL: SHOW COLUMNS FROM `blog_link` [ RunTime:0.0050s ]
SQL: SELECT * FROM `blog_link`  [ RunTime:0.0000s ]
SQL: SELECT * FROM `blog_content` WHERE ( is_top=1 ) ORDER BY create_time desc LIMIT 2   [ RunTime:0.0010s ]
SQL: SHOW COLUMNS FROM `blog_content` [ RunTime:0.0050s ]
SQL: select a.*,b.type_name,b.id as typeid from blog_content a left join blog_type b on a.type_id=b.id order by a.create_time desc [ RunTime:0.0040s ]
SQL: select a.*,b.type_name,b.id as typeid from blog_content a left join blog_type b on a.type_id=b.id order by a.create_time desc limit 0,10 [ RunTime:0.0030s ]
INFO: [ view_parse ] --START--
INFO: [ template_filter ] --START--
INFO: Run Behavior\ContentReplaceBehavior [ RunTime:0.000000s ]
INFO: [ template_filter ] --END-- [ RunTime:0.000000s ]
INFO: Run Behavior\ParseTemplateBehavior [ RunTime:0.016001s ]
INFO: [ view_parse ] --END-- [ RunTime:0.016001s ]
INFO: [ view_filter ] --START--
INFO: Run Behavior\WriteHtmlCacheBehavior [ RunTime:0.001000s ]
INFO: [ view_filter ] --END-- [ RunTime:0.001000s ]
INFO: [ app_end ] --START--
INFO: Run Behavior\ShowPageTraceBehavior [ RunTime:0.000000s ]
INFO: [ app_end ] --END-- [ RunTime:0.001000s ]

[ 2017-06-03T11:11:07+08:00 ] 127.0.0.1 /home/index/content/id/24
INFO: [ app_init ] --START--
INFO: Run Behavior\BuildLiteBehavior [ RunTime:0.000000s ]
INFO: [ app_init ] --END-- [ RunTime:0.000000s ]
INFO: [ app_begin ] --START--
INFO: Run Behavior\ReadHtmlCacheBehavior [ RunTime:0.001000s ]
INFO: [ app_begin ] --END-- [ RunTime:0.001000s ]
SQL: SHOW COLUMNS FROM `blog_tag` [ RunTime:0.0070s ]
SQL: SELECT * FROM `blog_tag`  [ RunTime:0.0010s ]
SQL: select a.* from blog_content a left join blog_content_tag b on a.id=b.article_id left join blog_tag c on b.tag_id=c.id where c.id=1 [ RunTime:0.0030s ]
SQL: select a.* from blog_content a left join blog_content_tag b on a.id=b.article_id left join blog_tag c on b.tag_id=c.id where c.id=2 [ RunTime:0.0030s ]
SQL: select a.* from blog_content a left join blog_content_tag b on a.id=b.article_id left join blog_tag c on b.tag_id=c.id where c.id=3 [ RunTime:0.0020s ]
SQL: select a.* from blog_content a left join blog_content_tag b on a.id=b.article_id left join blog_tag c on b.tag_id=c.id where c.id=4 [ RunTime:0.0010s ]
SQL: select a.* from blog_content a left join blog_content_tag b on a.id=b.article_id left join blog_tag c on b.tag_id=c.id where c.id=5 [ RunTime:0.0010s ]
SQL: SHOW COLUMNS FROM `blog_content` [ RunTime:0.0070s ]
SQL: SELECT * FROM `blog_content` ORDER BY reading_num LIMIT 10   [ RunTime:0.0030s ]
SQL: SHOW COLUMNS FROM `blog_type` [ RunTime:0.0050s ]
SQL: SELECT * FROM `blog_type` ORDER BY order_by desc  [ RunTime:0.0000s ]
SQL: SHOW COLUMNS FROM `blog_config` [ RunTime:0.0040s ]
SQL: SELECT * FROM `blog_config` WHERE ( id=1 ) LIMIT 1   [ RunTime:0.0000s ]
SQL: SHOW COLUMNS FROM `blog_link` [ RunTime:0.0040s ]
SQL: SELECT * FROM `blog_link`  [ RunTime:0.0000s ]
SQL: SELECT * FROM `blog_content` WHERE ( is_top=1 ) ORDER BY create_time desc LIMIT 2   [ RunTime:0.0010s ]
SQL: SHOW COLUMNS FROM `blog_content` [ RunTime:0.0040s ]
SQL: UPDATE `blog_content` SET `reading_num`=reading_num+1 WHERE ( id=24 ) [ RunTime:0.0030s ]
SQL: select b.type_name,b.id from blog_content a left join blog_type b on a.type_id=b.id where a.id=24 [ RunTime:0.0000s ]
SQL: SELECT * FROM `blog_content` WHERE ( id=24 ) LIMIT 1   [ RunTime:0.0000s ]
SQL: SELECT * FROM `blog_content` WHERE ( id<24 ) LIMIT 1   [ RunTime:0.0010s ]
SQL: SELECT * FROM `blog_content` WHERE ( id>24 ) LIMIT 1   [ RunTime:0.0000s ]
SQL: SELECT * FROM `blog_content`  [ RunTime:0.0020s ]
INFO: [ view_parse ] --START--
INFO: [ template_filter ] --START--
INFO: Run Behavior\ContentReplaceBehavior [ RunTime:0.001000s ]
INFO: [ template_filter ] --END-- [ RunTime:0.001000s ]
INFO: Run Behavior\ParseTemplateBehavior [ RunTime:0.013001s ]
INFO: [ view_parse ] --END-- [ RunTime:0.013001s ]
INFO: [ view_filter ] --START--
INFO: Run Behavior\WriteHtmlCacheBehavior [ RunTime:0.000000s ]
INFO: [ view_filter ] --END-- [ RunTime:0.000000s ]
INFO: [ app_end ] --START--
INFO: Run Behavior\ShowPageTraceBehavior [ RunTime:0.000000s ]
INFO: [ app_end ] --END-- [ RunTime:0.000000s ]

[ 2017-06-03T11:11:17+08:00 ] 127.0.0.1 /home/index/article/id/11
INFO: [ app_init ] --START--
INFO: Run Behavior\BuildLiteBehavior [ RunTime:0.000000s ]
INFO: [ app_init ] --END-- [ RunTime:0.001000s ]
INFO: [ app_begin ] --START--
INFO: Run Behavior\ReadHtmlCacheBehavior [ RunTime:0.001000s ]
INFO: [ app_begin ] --END-- [ RunTime:0.001000s ]
SQL: SHOW COLUMNS FROM `blog_tag` [ RunTime:0.0080s ]
SQL: SELECT * FROM `blog_tag`  [ RunTime:0.0010s ]
SQL: select a.* from blog_content a left join blog_content_tag b on a.id=b.article_id left join blog_tag c on b.tag_id=c.id where c.id=1 [ RunTime:0.0030s ]
SQL: select a.* from blog_content a left join blog_content_tag b on a.id=b.article_id left join blog_tag c on b.tag_id=c.id where c.id=2 [ RunTime:0.0020s ]
SQL: select a.* from blog_content a left join blog_content_tag b on a.id=b.article_id left join blog_tag c on b.tag_id=c.id where c.id=3 [ RunTime:0.0010s ]
SQL: select a.* from blog_content a left join blog_content_tag b on a.id=b.article_id left join blog_tag c on b.tag_id=c.id where c.id=4 [ RunTime:0.0010s ]
SQL: select a.* from blog_content a left join blog_content_tag b on a.id=b.article_id left join blog_tag c on b.tag_id=c.id where c.id=5 [ RunTime:0.0010s ]
SQL: SHOW COLUMNS FROM `blog_content` [ RunTime:0.0070s ]
SQL: SELECT * FROM `blog_content` ORDER BY reading_num LIMIT 10   [ RunTime:0.0030s ]
SQL: SHOW COLUMNS FROM `blog_type` [ RunTime:0.0060s ]
SQL: SELECT * FROM `blog_type` ORDER BY order_by desc  [ RunTime:0.0010s ]
SQL: SHOW COLUMNS FROM `blog_config` [ RunTime:0.0060s ]
SQL: SELECT * FROM `blog_config` WHERE ( id=1 ) LIMIT 1   [ RunTime:0.0010s ]
SQL: SHOW COLUMNS FROM `blog_link` [ RunTime:0.0050s ]
SQL: SELECT * FROM `blog_link`  [ RunTime:0.0000s ]
SQL: SELECT * FROM `blog_content` WHERE ( is_top=1 ) ORDER BY create_time desc LIMIT 2   [ RunTime:0.0020s ]
SQL: SELECT * FROM `blog_type` WHERE ( id=11 ) LIMIT 1   [ RunTime:0.0000s ]
SQL: select a.* from blog_content a left join blog_type b on a.type_id=b.id where b.id=11 [ RunTime:0.0020s ]
INFO: [ view_parse ] --START--
INFO: [ template_filter ] --START--
INFO: Run Behavior\ContentReplaceBehavior [ RunTime:0.000000s ]
INFO: [ template_filter ] --END-- [ RunTime:0.000000s ]
INFO: Run Behavior\ParseTemplateBehavior [ RunTime:0.036002s ]
INFO: [ view_parse ] --END-- [ RunTime:0.036002s ]
INFO: [ view_filter ] --START--
INFO: Run Behavior\WriteHtmlCacheBehavior [ RunTime:0.001000s ]
INFO: [ view_filter ] --END-- [ RunTime:0.001000s ]
INFO: [ app_end ] --START--
INFO: Run Behavior\ShowPageTraceBehavior [ RunTime:0.000000s ]
INFO: [ app_end ] --END-- [ RunTime:0.000000s ]

[ 2017-06-03T11:11:41+08:00 ] 127.0.0.1 /home/index/content/id/18
INFO: [ app_init ] --START--
INFO: Run Behavior\BuildLiteBehavior [ RunTime:0.000000s ]
INFO: [ app_init ] --END-- [ RunTime:0.000000s ]
INFO: [ app_begin ] --START--
INFO: Run Behavior\ReadHtmlCacheBehavior [ RunTime:0.001000s ]
INFO: [ app_begin ] --END-- [ RunTime:0.001000s ]
SQL: SHOW COLUMNS FROM `blog_tag` [ RunTime:0.0100s ]
SQL: SELECT * FROM `blog_tag`  [ RunTime:0.0010s ]
SQL: select a.* from blog_content a left join blog_content_tag b on a.id=b.article_id left join blog_tag c on b.tag_id=c.id where c.id=1 [ RunTime:0.0030s ]
SQL: select a.* from blog_content a left join blog_content_tag b on a.id=b.article_id left join blog_tag c on b.tag_id=c.id where c.id=2 [ RunTime:0.0030s ]
SQL: select a.* from blog_content a left join blog_content_tag b on a.id=b.article_id left join blog_tag c on b.tag_id=c.id where c.id=3 [ RunTime:0.0010s ]
SQL: select a.* from blog_content a left join blog_content_tag b on a.id=b.article_id left join blog_tag c on b.tag_id=c.id where c.id=4 [ RunTime:0.0010s ]
SQL: select a.* from blog_content a left join blog_content_tag b on a.id=b.article_id left join blog_tag c on b.tag_id=c.id where c.id=5 [ RunTime:0.0010s ]
SQL: SHOW COLUMNS FROM `blog_content` [ RunTime:0.0080s ]
SQL: SELECT * FROM `blog_content` ORDER BY reading_num LIMIT 10   [ RunTime:0.0040s ]
SQL: SHOW COLUMNS FROM `blog_type` [ RunTime:0.0070s ]
SQL: SELECT * FROM `blog_type` ORDER BY order_by desc  [ RunTime:0.0000s ]
SQL: SHOW COLUMNS FROM `blog_config` [ RunTime:0.0070s ]
SQL: SELECT * FROM `blog_config` WHERE ( id=1 ) LIMIT 1   [ RunTime:0.0010s ]
SQL: SHOW COLUMNS FROM `blog_link` [ RunTime:0.0050s ]
SQL: SELECT * FROM `blog_link`  [ RunTime:0.0000s ]
SQL: SELECT * FROM `blog_content` WHERE ( is_top=1 ) ORDER BY create_time desc LIMIT 2   [ RunTime:0.0010s ]
SQL: SHOW COLUMNS FROM `blog_content` [ RunTime:0.0050s ]
SQL: UPDATE `blog_content` SET `reading_num`=reading_num+1 WHERE ( id=18 ) [ RunTime:0.0020s ]
SQL: select b.type_name,b.id from blog_content a left join blog_type b on a.type_id=b.id where a.id=18 [ RunTime:0.0000s ]
SQL: SELECT * FROM `blog_content` WHERE ( id=18 ) LIMIT 1   [ RunTime:0.0010s ]
SQL: SELECT * FROM `blog_content` WHERE ( id<18 ) LIMIT 1   [ RunTime:0.0010s ]
SQL: SELECT * FROM `blog_content` WHERE ( id>18 ) LIMIT 1   [ RunTime:0.0020s ]
SQL: SELECT * FROM `blog_content`  [ RunTime:0.0020s ]
INFO: [ view_parse ] --START--
INFO: [ template_filter ] --START--
INFO: Run Behavior\ContentReplaceBehavior [ RunTime:0.000000s ]
INFO: [ template_filter ] --END-- [ RunTime:0.000000s ]
INFO: Run Behavior\ParseTemplateBehavior [ RunTime:0.014001s ]
INFO: [ view_parse ] --END-- [ RunTime:0.014001s ]
INFO: [ view_filter ] --START--
INFO: Run Behavior\WriteHtmlCacheBehavior [ RunTime:0.000000s ]
INFO: [ view_filter ] --END-- [ RunTime:0.000000s ]
INFO: [ app_end ] --START--
INFO: Run Behavior\ShowPageTraceBehavior [ RunTime:0.001000s ]
INFO: [ app_end ] --END-- [ RunTime:0.001000s ]

[ 2017-06-03T11:11:51+08:00 ] 127.0.0.1 /home/index/article/id/11.html
INFO: [ app_init ] --START--
INFO: Run Behavior\BuildLiteBehavior [ RunTime:0.000000s ]
INFO: [ app_init ] --END-- [ RunTime:0.001000s ]
INFO: [ app_begin ] --START--
INFO: Run Behavior\ReadHtmlCacheBehavior [ RunTime:0.001000s ]
INFO: [ app_begin ] --END-- [ RunTime:0.001000s ]
SQL: SHOW COLUMNS FROM `blog_tag` [ RunTime:0.0070s ]
SQL: SELECT * FROM `blog_tag`  [ RunTime:0.0010s ]
SQL: select a.* from blog_content a left join blog_content_tag b on a.id=b.article_id left join blog_tag c on b.tag_id=c.id where c.id=1 [ RunTime:0.0030s ]
SQL: select a.* from blog_content a left join blog_content_tag b on a.id=b.article_id left join blog_tag c on b.tag_id=c.id where c.id=2 [ RunTime:0.0020s ]
SQL: select a.* from blog_content a left join blog_content_tag b on a.id=b.article_id left join blog_tag c on b.tag_id=c.id where c.id=3 [ RunTime:0.0010s ]
SQL: select a.* from blog_content a left join blog_content_tag b on a.id=b.article_id left join blog_tag c on b.tag_id=c.id where c.id=4 [ RunTime:0.0010s ]
SQL: select a.* from blog_content a left join blog_content_tag b on a.id=b.article_id left join blog_tag c on b.tag_id=c.id where c.id=5 [ RunTime:0.0010s ]
SQL: SHOW COLUMNS FROM `blog_content` [ RunTime:0.0080s ]
SQL: SELECT * FROM `blog_content` ORDER BY reading_num LIMIT 10   [ RunTime:0.0040s ]
SQL: SHOW COLUMNS FROM `blog_type` [ RunTime:0.0060s ]
SQL: SELECT * FROM `blog_type` ORDER BY order_by desc  [ RunTime:0.0000s ]
SQL: SHOW COLUMNS FROM `blog_config` [ RunTime:0.0080s ]
SQL: SELECT * FROM `blog_config` WHERE ( id=1 ) LIMIT 1   [ RunTime:0.0010s ]
SQL: SHOW COLUMNS FROM `blog_link` [ RunTime:0.0050s ]
SQL: SELECT * FROM `blog_link`  [ RunTime:0.0000s ]
SQL: SELECT * FROM `blog_content` WHERE ( is_top=1 ) ORDER BY create_time desc LIMIT 2   [ RunTime:0.0010s ]
SQL: SELECT * FROM `blog_type` WHERE ( id=11 ) LIMIT 1   [ RunTime:0.0000s ]
SQL: select a.* from blog_content a left join blog_type b on a.type_id=b.id where b.id=11 [ RunTime:0.0020s ]
INFO: [ view_parse ] --START--
INFO: [ template_filter ] --START--
INFO: Run Behavior\ContentReplaceBehavior [ RunTime:0.000000s ]
INFO: [ template_filter ] --END-- [ RunTime:0.000000s ]
INFO: Run Behavior\ParseTemplateBehavior [ RunTime:0.010000s ]
INFO: [ view_parse ] --END-- [ RunTime:0.011000s ]
INFO: [ view_filter ] --START--
INFO: Run Behavior\WriteHtmlCacheBehavior [ RunTime:0.000000s ]
INFO: [ view_filter ] --END-- [ RunTime:0.000000s ]
INFO: [ app_end ] --START--
INFO: Run Behavior\ShowPageTraceBehavior [ RunTime:0.000000s ]
INFO: [ app_end ] --END-- [ RunTime:0.000000s ]

[ 2017-06-03T16:39:09+08:00 ] 127.0.0.1 /
INFO: [ app_init ] --START--
INFO: Run Behavior\BuildLiteBehavior [ RunTime:0.000000s ]
INFO: [ app_init ] --END-- [ RunTime:0.001000s ]
INFO: [ app_begin ] --START--
INFO: Run Behavior\ReadHtmlCacheBehavior [ RunTime:0.001000s ]
INFO: [ app_begin ] --END-- [ RunTime:0.001000s ]
SQL: SHOW COLUMNS FROM `blog_tag` [ RunTime:0.0080s ]
SQL: SELECT * FROM `blog_tag`  [ RunTime:0.0010s ]
SQL: select a.* from blog_content a left join blog_content_tag b on a.id=b.article_id left join blog_tag c on b.tag_id=c.id where c.id=1 [ RunTime:0.0040s ]
SQL: select a.* from blog_content a left join blog_content_tag b on a.id=b.article_id left join blog_tag c on b.tag_id=c.id where c.id=2 [ RunTime:0.0040s ]
SQL: select a.* from blog_content a left join blog_content_tag b on a.id=b.article_id left join blog_tag c on b.tag_id=c.id where c.id=3 [ RunTime:0.0010s ]
SQL: select a.* from blog_content a left join blog_content_tag b on a.id=b.article_id left join blog_tag c on b.tag_id=c.id where c.id=4 [ RunTime:0.0010s ]
SQL: select a.* from blog_content a left join blog_content_tag b on a.id=b.article_id left join blog_tag c on b.tag_id=c.id where c.id=5 [ RunTime:0.0000s ]
SQL: SHOW COLUMNS FROM `blog_content` [ RunTime:0.0050s ]
SQL: SELECT * FROM `blog_content` ORDER BY reading_num LIMIT 10   [ RunTime:0.0040s ]
SQL: SHOW COLUMNS FROM `blog_type` [ RunTime:0.0050s ]
SQL: SELECT * FROM `blog_type` ORDER BY order_by desc  [ RunTime:0.0010s ]
SQL: SHOW COLUMNS FROM `blog_config` [ RunTime:0.0060s ]
SQL: SELECT * FROM `blog_config` WHERE ( id=1 ) LIMIT 1   [ RunTime:0.0020s ]
SQL: SHOW COLUMNS FROM `blog_link` [ RunTime:0.0060s ]
SQL: SELECT * FROM `blog_link`  [ RunTime:0.0000s ]
SQL: SELECT * FROM `blog_content` WHERE ( is_top=1 ) ORDER BY create_time desc LIMIT 2   [ RunTime:0.0010s ]
SQL: SHOW COLUMNS FROM `blog_content` [ RunTime:0.0040s ]
SQL: select a.*,b.type_name,b.id as typeid from blog_content a left join blog_type b on a.type_id=b.id order by a.create_time desc [ RunTime:0.0040s ]
SQL: select a.*,b.type_name,b.id as typeid from blog_content a left join blog_type b on a.type_id=b.id order by a.create_time desc limit 0,10 [ RunTime:0.0020s ]
INFO: [ view_parse ] --START--
INFO: [ template_filter ] --START--
INFO: Run Behavior\ContentReplaceBehavior [ RunTime:0.000000s ]
INFO: [ template_filter ] --END-- [ RunTime:0.001000s ]
INFO: Run Behavior\ParseTemplateBehavior [ RunTime:0.016001s ]
INFO: [ view_parse ] --END-- [ RunTime:0.016001s ]
INFO: [ view_filter ] --START--
INFO: Run Behavior\WriteHtmlCacheBehavior [ RunTime:0.001000s ]
INFO: [ view_filter ] --END-- [ RunTime:0.001000s ]
INFO: [ app_end ] --START--
INFO: Run Behavior\ShowPageTraceBehavior [ RunTime:0.001000s ]
INFO: [ app_end ] --END-- [ RunTime:0.001000s ]

[ 2017-06-03T16:41:29+08:00 ] 127.0.0.1 /
INFO: [ app_init ] --START--
INFO: Run Behavior\BuildLiteBehavior [ RunTime:0.000000s ]
INFO: [ app_init ] --END-- [ RunTime:0.002000s ]
INFO: [ app_begin ] --START--
INFO: Run Behavior\ReadHtmlCacheBehavior [ RunTime:0.003000s ]
INFO: [ app_begin ] --END-- [ RunTime:0.003000s ]
SQL: SHOW COLUMNS FROM `blog_tag` [ RunTime:0.0070s ]
SQL: SELECT * FROM `blog_tag`  [ RunTime:0.0010s ]
SQL: select a.* from blog_content a left join blog_content_tag b on a.id=b.article_id left join blog_tag c on b.tag_id=c.id where c.id=1 [ RunTime:0.0030s ]
SQL: select a.* from blog_content a left join blog_content_tag b on a.id=b.article_id left join blog_tag c on b.tag_id=c.id where c.id=2 [ RunTime:0.0020s ]
SQL: select a.* from blog_content a left join blog_content_tag b on a.id=b.article_id left join blog_tag c on b.tag_id=c.id where c.id=3 [ RunTime:0.0010s ]
SQL: select a.* from blog_content a left join blog_content_tag b on a.id=b.article_id left join blog_tag c on b.tag_id=c.id where c.id=4 [ RunTime:0.0010s ]
SQL: select a.* from blog_content a left join blog_content_tag b on a.id=b.article_id left join blog_tag c on b.tag_id=c.id where c.id=5 [ RunTime:0.0010s ]
SQL: SHOW COLUMNS FROM `blog_content` [ RunTime:0.0070s ]
SQL: SELECT * FROM `blog_content` ORDER BY reading_num LIMIT 10   [ RunTime:0.0030s ]
SQL: SHOW COLUMNS FROM `blog_type` [ RunTime:0.0050s ]
SQL: SELECT * FROM `blog_type` ORDER BY order_by desc  [ RunTime:0.0000s ]
SQL: SHOW COLUMNS FROM `blog_config` [ RunTime:0.0040s ]
SQL: SELECT * FROM `blog_config` WHERE ( id=1 ) LIMIT 1   [ RunTime:0.0010s ]
SQL: SHOW COLUMNS FROM `blog_link` [ RunTime:0.0040s ]
SQL: SELECT * FROM `blog_link`  [ RunTime:0.0000s ]
SQL: SELECT * FROM `blog_content` WHERE ( is_top=1 ) ORDER BY create_time desc LIMIT 2   [ RunTime:0.0010s ]
SQL: SHOW COLUMNS FROM `blog_content` [ RunTime:0.0050s ]
SQL: select a.*,b.type_name,b.id as typeid from blog_content a left join blog_type b on a.type_id=b.id order by a.create_time desc [ RunTime:0.0030s ]
SQL: select a.*,b.type_name,b.id as typeid from blog_content a left join blog_type b on a.type_id=b.id order by a.create_time desc limit 0,10 [ RunTime:0.0030s ]
INFO: [ view_parse ] --START--
INFO: [ template_filter ] --START--
INFO: Run Behavior\ContentReplaceBehavior [ RunTime:0.000000s ]
INFO: [ template_filter ] --END-- [ RunTime:0.000000s ]
INFO: Run Behavior\ParseTemplateBehavior [ RunTime:0.016000s ]
INFO: [ view_parse ] --END-- [ RunTime:0.016000s ]
INFO: [ view_filter ] --START--
INFO: Run Behavior\WriteHtmlCacheBehavior [ RunTime:0.000000s ]
INFO: [ view_filter ] --END-- [ RunTime:0.000000s ]
INFO: [ app_end ] --START--
INFO: Run Behavior\ShowPageTraceBehavior [ RunTime:0.000000s ]
INFO: [ app_end ] --END-- [ RunTime:0.001001s ]

[ 2017-06-03T16:42:04+08:00 ] 127.0.0.1 /
INFO: [ app_init ] --START--
INFO: Run Behavior\BuildLiteBehavior [ RunTime:0.000000s ]
INFO: [ app_init ] --END-- [ RunTime:0.001000s ]
INFO: [ app_begin ] --START--
INFO: Run Behavior\ReadHtmlCacheBehavior [ RunTime:0.002000s ]
INFO: [ app_begin ] --END-- [ RunTime:0.002000s ]
SQL: SHOW COLUMNS FROM `blog_tag` [ RunTime:0.0090s ]
SQL: SELECT * FROM `blog_tag`  [ RunTime:0.0000s ]
SQL: select a.* from blog_content a left join blog_content_tag b on a.id=b.article_id left join blog_tag c on b.tag_id=c.id where c.id=1 [ RunTime:0.0040s ]
SQL: select a.* from blog_content a left join blog_content_tag b on a.id=b.article_id left join blog_tag c on b.tag_id=c.id where c.id=2 [ RunTime:0.0020s ]
SQL: select a.* from blog_content a left join blog_content_tag b on a.id=b.article_id left join blog_tag c on b.tag_id=c.id where c.id=3 [ RunTime:0.0010s ]
SQL: select a.* from blog_content a left join blog_content_tag b on a.id=b.article_id left join blog_tag c on b.tag_id=c.id where c.id=4 [ RunTime:0.0010s ]
SQL: select a.* from blog_content a left join blog_content_tag b on a.id=b.article_id left join blog_tag c on b.tag_id=c.id where c.id=5 [ RunTime:0.0010s ]
SQL: SHOW COLUMNS FROM `blog_content` [ RunTime:0.0080s ]
SQL: SELECT * FROM `blog_content` ORDER BY reading_num LIMIT 10   [ RunTime:0.0030s ]
SQL: SHOW COLUMNS FROM `blog_type` [ RunTime:0.0050s ]
SQL: SELECT * FROM `blog_type` ORDER BY order_by desc  [ RunTime:0.0010s ]
SQL: SHOW COLUMNS FROM `blog_config` [ RunTime:0.0070s ]
SQL: SELECT * FROM `blog_config` WHERE ( id=1 ) LIMIT 1   [ RunTime:0.0010s ]
SQL: SHOW COLUMNS FROM `blog_link` [ RunTime:0.0040s ]
SQL: SELECT * FROM `blog_link`  [ RunTime:0.0000s ]
SQL: SELECT * FROM `blog_content` WHERE ( is_top=1 ) ORDER BY create_time desc LIMIT 2   [ RunTime:0.0020s ]
SQL: SHOW COLUMNS FROM `blog_content` [ RunTime:0.0050s ]
SQL: select a.*,b.type_name,b.id as typeid from blog_content a left join blog_type b on a.type_id=b.id order by a.create_time desc [ RunTime:0.0030s ]
SQL: select a.*,b.type_name,b.id as typeid from blog_content a left join blog_type b on a.type_id=b.id order by a.create_time desc limit 0,10 [ RunTime:0.0020s ]
INFO: [ view_parse ] --START--
INFO: [ template_filter ] --START--
INFO: Run Behavior\ContentReplaceBehavior [ RunTime:0.000000s ]
INFO: [ template_filter ] --END-- [ RunTime:0.000000s ]
INFO: Run Behavior\ParseTemplateBehavior [ RunTime:0.016001s ]
INFO: [ view_parse ] --END-- [ RunTime:0.016001s ]
INFO: [ view_filter ] --START--
INFO: Run Behavior\WriteHtmlCacheBehavior [ RunTime:0.001000s ]
INFO: [ view_filter ] --END-- [ RunTime:0.001000s ]
INFO: [ app_end ] --START--
INFO: Run Behavior\ShowPageTraceBehavior [ RunTime:0.001000s ]
INFO: [ app_end ] --END-- [ RunTime:0.001000s ]

[ 2017-06-03T16:42:22+08:00 ] 127.0.0.1 /
INFO: [ app_init ] --START--
INFO: Run Behavior\BuildLiteBehavior [ RunTime:0.000000s ]
INFO: [ app_init ] --END-- [ RunTime:0.001000s ]
INFO: [ app_begin ] --START--
INFO: Run Behavior\ReadHtmlCacheBehavior [ RunTime:0.001000s ]
INFO: [ app_begin ] --END-- [ RunTime:0.001000s ]
SQL: SHOW COLUMNS FROM `blog_tag` [ RunTime:0.0100s ]
SQL: SELECT * FROM `blog_tag`  [ RunTime:0.0010s ]
SQL: select a.* from blog_content a left join blog_content_tag b on a.id=b.article_id left join blog_tag c on b.tag_id=c.id where c.id=1 [ RunTime:0.0040s ]
SQL: select a.* from blog_content a left join blog_content_tag b on a.id=b.article_id left join blog_tag c on b.tag_id=c.id where c.id=2 [ RunTime:0.0030s ]
SQL: select a.* from blog_content a left join blog_content_tag b on a.id=b.article_id left join blog_tag c on b.tag_id=c.id where c.id=3 [ RunTime:0.0010s ]
SQL: select a.* from blog_content a left join blog_content_tag b on a.id=b.article_id left join blog_tag c on b.tag_id=c.id where c.id=4 [ RunTime:0.0010s ]
SQL: select a.* from blog_content a left join blog_content_tag b on a.id=b.article_id left join blog_tag c on b.tag_id=c.id where c.id=5 [ RunTime:0.0010s ]
SQL: SHOW COLUMNS FROM `blog_content` [ RunTime:0.0060s ]
SQL: SELECT * FROM `blog_content` ORDER BY reading_num LIMIT 10   [ RunTime:0.0040s ]
SQL: SHOW COLUMNS FROM `blog_type` [ RunTime:0.0060s ]
SQL: SELECT * FROM `blog_type` ORDER BY order_by desc  [ RunTime:0.0010s ]
SQL: SHOW COLUMNS FROM `blog_config` [ RunTime:0.0060s ]
SQL: SELECT * FROM `blog_config` WHERE ( id=1 ) LIMIT 1   [ RunTime:0.0010s ]
SQL: SHOW COLUMNS FROM `blog_link` [ RunTime:0.0060s ]
SQL: SELECT * FROM `blog_link`  [ RunTime:0.0000s ]
SQL: SELECT * FROM `blog_content` WHERE ( is_top=1 ) ORDER BY create_time desc LIMIT 2   [ RunTime:0.0010s ]
SQL: SHOW COLUMNS FROM `blog_content` [ RunTime:0.0040s ]
SQL: select a.*,b.type_name,b.id as typeid from blog_content a left join blog_type b on a.type_id=b.id order by a.create_time desc [ RunTime:0.0040s ]
SQL: select a.*,b.type_name,b.id as typeid from blog_content a left join blog_type b on a.type_id=b.id order by a.create_time desc limit 0,10 [ RunTime:0.0040s ]
INFO: [ view_parse ] --START--
INFO: [ template_filter ] --START--
INFO: Run Behavior\ContentReplaceBehavior [ RunTime:0.000000s ]
INFO: [ template_filter ] --END-- [ RunTime:0.000000s ]
INFO: Run Behavior\ParseTemplateBehavior [ RunTime:0.015001s ]
INFO: [ view_parse ] --END-- [ RunTime:0.015001s ]
INFO: [ view_filter ] --START--
INFO: Run Behavior\WriteHtmlCacheBehavior [ RunTime:0.000000s ]
INFO: [ view_filter ] --END-- [ RunTime:0.001000s ]
INFO: [ app_end ] --START--
INFO: Run Behavior\ShowPageTraceBehavior [ RunTime:0.001000s ]
INFO: [ app_end ] --END-- [ RunTime:0.001000s ]

[ 2017-06-03T16:45:43+08:00 ] 127.0.0.1 /
INFO: [ app_init ] --START--
INFO: Run Behavior\BuildLiteBehavior [ RunTime:0.000000s ]
INFO: [ app_init ] --END-- [ RunTime:0.000000s ]
INFO: [ app_begin ] --START--
INFO: Run Behavior\ReadHtmlCacheBehavior [ RunTime:0.001000s ]
INFO: [ app_begin ] --END-- [ RunTime:0.001000s ]
SQL: SHOW COLUMNS FROM `blog_tag` [ RunTime:0.0070s ]
SQL: SELECT * FROM `blog_tag`  [ RunTime:0.0010s ]
SQL: select a.* from blog_content a left join blog_content_tag b on a.id=b.article_id left join blog_tag c on b.tag_id=c.id where c.id=1 [ RunTime:0.0030s ]
SQL: select a.* from blog_content a left join blog_content_tag b on a.id=b.article_id left join blog_tag c on b.tag_id=c.id where c.id=2 [ RunTime:0.0020s ]
SQL: select a.* from blog_content a left join blog_content_tag b on a.id=b.article_id left join blog_tag c on b.tag_id=c.id where c.id=3 [ RunTime:0.0010s ]
SQL: select a.* from blog_content a left join blog_content_tag b on a.id=b.article_id left join blog_tag c on b.tag_id=c.id where c.id=4 [ RunTime:0.0010s ]
SQL: select a.* from blog_content a left join blog_content_tag b on a.id=b.article_id left join blog_tag c on b.tag_id=c.id where c.id=5 [ RunTime:0.0010s ]
SQL: SHOW COLUMNS FROM `blog_content` [ RunTime:0.0050s ]
SQL: SELECT * FROM `blog_content` ORDER BY reading_num LIMIT 10   [ RunTime:0.0020s ]
SQL: SHOW COLUMNS FROM `blog_type` [ RunTime:0.0050s ]
SQL: SELECT * FROM `blog_type` ORDER BY order_by desc  [ RunTime:0.0000s ]
SQL: SHOW COLUMNS FROM `blog_config` [ RunTime:0.0040s ]
SQL: SELECT * FROM `blog_config` WHERE ( id=1 ) LIMIT 1   [ RunTime:0.0000s ]
SQL: SHOW COLUMNS FROM `blog_link` [ RunTime:0.0050s ]
SQL: SELECT * FROM `blog_link`  [ RunTime:0.0000s ]
SQL: SELECT * FROM `blog_content` WHERE ( is_top=1 ) ORDER BY create_time desc LIMIT 2   [ RunTime:0.0010s ]
SQL: SHOW COLUMNS FROM `blog_content` [ RunTime:0.0050s ]
SQL: select a.*,b.type_name,b.id as typeid from blog_content a left join blog_type b on a.type_id=b.id order by a.create_time desc [ RunTime:0.0020s ]
SQL: select a.*,b.type_name,b.id as typeid from blog_content a left join blog_type b on a.type_id=b.id order by a.create_time desc limit 0,10 [ RunTime:0.0030s ]
INFO: [ view_parse ] --START--
INFO: [ template_filter ] --START--
INFO: Run Behavior\ContentReplaceBehavior [ RunTime:0.000000s ]
INFO: [ template_filter ] --END-- [ RunTime:0.000000s ]
INFO: Run Behavior\ParseTemplateBehavior [ RunTime:0.015001s ]
INFO: [ view_parse ] --END-- [ RunTime:0.015001s ]
INFO: [ view_filter ] --START--
INFO: Run Behavior\WriteHtmlCacheBehavior [ RunTime:0.000000s ]
INFO: [ view_filter ] --END-- [ RunTime:0.000000s ]
INFO: [ app_end ] --START--
INFO: Run Behavior\ShowPageTraceBehavior [ RunTime:0.001000s ]
INFO: [ app_end ] --END-- [ RunTime:0.001000s ]

