[ 2017-05-27T13:07:17+08:00 ] 127.0.0.1 /
INFO: [ app_init ] --START--
INFO: Run Behavior\BuildLiteBehavior [ RunTime:0.000000s ]
INFO: [ app_init ] --END-- [ RunTime:0.000000s ]
INFO: [ app_begin ] --START--
INFO: Run Behavior\ReadHtmlCacheBehavior [ RunTime:0.001000s ]
INFO: [ app_begin ] --END-- [ RunTime:0.001000s ]
SQL: SHOW COLUMNS FROM `blog_tag` [ RunTime:0.0590s ]
SQL: SELECT * FROM `blog_tag`  [ RunTime:0.0010s ]
SQL: select a.* from blog_content a left join blog_content_tag b on a.id=b.article_id left join blog_tag c on b.tag_id=c.id where c.id=1 [ RunTime:0.0660s ]
SQL: select a.* from blog_content a left join blog_content_tag b on a.id=b.article_id left join blog_tag c on b.tag_id=c.id where c.id=2 [ RunTime:0.0020s ]
SQL: select a.* from blog_content a left join blog_content_tag b on a.id=b.article_id left join blog_tag c on b.tag_id=c.id where c.id=3 [ RunTime:0.0000s ]
SQL: select a.* from blog_content a left join blog_content_tag b on a.id=b.article_id left join blog_tag c on b.tag_id=c.id where c.id=4 [ RunTime:0.0000s ]
SQL: select a.* from blog_content a left join blog_content_tag b on a.id=b.article_id left join blog_tag c on b.tag_id=c.id where c.id=5 [ RunTime:0.0000s ]
SQL: SHOW COLUMNS FROM `blog_content` [ RunTime:0.0180s ]
SQL: SELECT * FROM `blog_content` ORDER BY reading_num LIMIT 10   [ RunTime:0.0030s ]
SQL: SHOW COLUMNS FROM `blog_type` [ RunTime:0.0540s ]
SQL: SELECT * FROM `blog_type` ORDER BY order_by desc  [ RunTime:0.0010s ]
SQL: SHOW COLUMNS FROM `blog_config` [ RunTime:0.0600s ]
SQL: SELECT * FROM `blog_config` WHERE ( id=1 ) LIMIT 1   [ RunTime:0.0000s ]
SQL: SHOW COLUMNS FROM `blog_link` [ RunTime:0.0610s ]
SQL: SELECT * FROM `blog_link`  [ RunTime:0.0000s ]
SQL: SELECT * FROM `blog_content` WHERE ( is_top=1 ) ORDER BY create_time desc LIMIT 2   [ RunTime:0.0020s ]
SQL: SHOW COLUMNS FROM `blog_content` [ RunTime:0.0120s ]
SQL: select a.*,b.type_name,b.id as typeid from blog_content a left join blog_type b on a.type_id=b.id order by a.create_time desc [ RunTime:0.0040s ]
SQL: select a.*,b.type_name,b.id as typeid from blog_content a left join blog_type b on a.type_id=b.id order by a.create_time desc limit 0,10 [ RunTime:0.0030s ]
INFO: [ view_parse ] --START--
INFO: [ template_filter ] --START--
INFO: Run Behavior\ContentReplaceBehavior [ RunTime:0.000000s ]
INFO: [ template_filter ] --END-- [ RunTime:0.000000s ]
INFO: Run Behavior\ParseTemplateBehavior [ RunTime:0.020001s ]
INFO: [ view_parse ] --END-- [ RunTime:0.020001s ]
INFO: [ view_filter ] --START--
INFO: Run Behavior\WriteHtmlCacheBehavior [ RunTime:0.001000s ]
INFO: [ view_filter ] --END-- [ RunTime:0.001000s ]
INFO: [ app_end ] --START--
INFO: Run Behavior\ShowPageTraceBehavior [ RunTime:0.001000s ]
INFO: [ app_end ] --END-- [ RunTime:0.001000s ]

[ 2017-05-27T13:07:22+08:00 ] 127.0.0.1 /home/index/content/id/24
INFO: [ app_init ] --START--
INFO: Run Behavior\BuildLiteBehavior [ RunTime:0.000000s ]
INFO: [ app_init ] --END-- [ RunTime:0.001000s ]
INFO: [ app_begin ] --START--
INFO: Run Behavior\ReadHtmlCacheBehavior [ RunTime:0.002000s ]
INFO: [ app_begin ] --END-- [ RunTime:0.002000s ]
SQL: SHOW COLUMNS FROM `blog_tag` [ RunTime:0.0180s ]
SQL: SELECT * FROM `blog_tag`  [ RunTime:0.0000s ]
SQL: select a.* from blog_content a left join blog_content_tag b on a.id=b.article_id left join blog_tag c on b.tag_id=c.id where c.id=1 [ RunTime:0.0010s ]
SQL: select a.* from blog_content a left join blog_content_tag b on a.id=b.article_id left join blog_tag c on b.tag_id=c.id where c.id=2 [ RunTime:0.0010s ]
SQL: select a.* from blog_content a left join blog_content_tag b on a.id=b.article_id left join blog_tag c on b.tag_id=c.id where c.id=3 [ RunTime:0.0000s ]
SQL: select a.* from blog_content a left join blog_content_tag b on a.id=b.article_id left join blog_tag c on b.tag_id=c.id where c.id=4 [ RunTime:0.0010s ]
SQL: select a.* from blog_content a left join blog_content_tag b on a.id=b.article_id left join blog_tag c on b.tag_id=c.id where c.id=5 [ RunTime:0.0000s ]
SQL: SHOW COLUMNS FROM `blog_content` [ RunTime:0.0120s ]
SQL: SELECT * FROM `blog_content` ORDER BY reading_num LIMIT 10   [ RunTime:0.0030s ]
SQL: SHOW COLUMNS FROM `blog_type` [ RunTime:0.0110s ]
SQL: SELECT * FROM `blog_type` ORDER BY order_by desc  [ RunTime:0.0000s ]
SQL: SHOW COLUMNS FROM `blog_config` [ RunTime:0.0090s ]
SQL: SELECT * FROM `blog_config` WHERE ( id=1 ) LIMIT 1   [ RunTime:0.0000s ]
SQL: SHOW COLUMNS FROM `blog_link` [ RunTime:0.0110s ]
SQL: SELECT * FROM `blog_link`  [ RunTime:0.0000s ]
SQL: SELECT * FROM `blog_content` WHERE ( is_top=1 ) ORDER BY create_time desc LIMIT 2   [ RunTime:0.0010s ]
NOTIC: [8] Use of undefined constant reading_num - assumed 'reading_num' D:\WWW\blog\App\Home\Controller\IndexController.class.php 第 172 行.

[ 2017-05-27T13:08:28+08:00 ] 127.0.0.1 /home/index/content/id/24
INFO: [ app_init ] --START--
INFO: Run Behavior\BuildLiteBehavior [ RunTime:0.000000s ]
INFO: [ app_init ] --END-- [ RunTime:0.000000s ]
INFO: [ app_begin ] --START--
INFO: Run Behavior\ReadHtmlCacheBehavior [ RunTime:0.001000s ]
INFO: [ app_begin ] --END-- [ RunTime:0.001000s ]
SQL: SHOW COLUMNS FROM `blog_tag` [ RunTime:0.0610s ]
SQL: SELECT * FROM `blog_tag`  [ RunTime:0.0000s ]
SQL: select a.* from blog_content a left join blog_content_tag b on a.id=b.article_id left join blog_tag c on b.tag_id=c.id where c.id=1 [ RunTime:0.0020s ]
SQL: select a.* from blog_content a left join blog_content_tag b on a.id=b.article_id left join blog_tag c on b.tag_id=c.id where c.id=2 [ RunTime:0.0010s ]
SQL: select a.* from blog_content a left join blog_content_tag b on a.id=b.article_id left join blog_tag c on b.tag_id=c.id where c.id=3 [ RunTime:0.0000s ]
SQL: select a.* from blog_content a left join blog_content_tag b on a.id=b.article_id left join blog_tag c on b.tag_id=c.id where c.id=4 [ RunTime:0.0010s ]
SQL: select a.* from blog_content a left join blog_content_tag b on a.id=b.article_id left join blog_tag c on b.tag_id=c.id where c.id=5 [ RunTime:0.0000s ]
SQL: SHOW COLUMNS FROM `blog_content` [ RunTime:0.0100s ]
SQL: SELECT * FROM `blog_content` ORDER BY reading_num LIMIT 10   [ RunTime:0.0020s ]
SQL: SHOW COLUMNS FROM `blog_type` [ RunTime:0.0110s ]
SQL: SELECT * FROM `blog_type` ORDER BY order_by desc  [ RunTime:0.0010s ]
SQL: SHOW COLUMNS FROM `blog_config` [ RunTime:0.0110s ]
SQL: SELECT * FROM `blog_config` WHERE ( id=1 ) LIMIT 1   [ RunTime:0.0000s ]
SQL: SHOW COLUMNS FROM `blog_link` [ RunTime:0.0110s ]
SQL: SELECT * FROM `blog_link`  [ RunTime:0.0000s ]
SQL: SELECT * FROM `blog_content` WHERE ( is_top=1 ) ORDER BY create_time desc LIMIT 2   [ RunTime:0.0020s ]
SQL: SHOW COLUMNS FROM `blog_content` [ RunTime:0.0120s ]
NOTIC: [8] Use of undefined constant reading_num - assumed 'reading_num' D:\WWW\blog\App\Home\Controller\IndexController.class.php 第 172 行.

[ 2017-05-27T13:08:34+08:00 ] 127.0.0.1 /
INFO: [ app_init ] --START--
INFO: Run Behavior\BuildLiteBehavior [ RunTime:0.000000s ]
INFO: [ app_init ] --END-- [ RunTime:0.001000s ]
INFO: [ app_begin ] --START--
INFO: Run Behavior\ReadHtmlCacheBehavior [ RunTime:0.001000s ]
INFO: [ app_begin ] --END-- [ RunTime:0.001000s ]
SQL: SHOW COLUMNS FROM `blog_tag` [ RunTime:0.0230s ]
SQL: SELECT * FROM `blog_tag`  [ RunTime:0.0010s ]
SQL: select a.* from blog_content a left join blog_content_tag b on a.id=b.article_id left join blog_tag c on b.tag_id=c.id where c.id=1 [ RunTime:0.0040s ]
SQL: select a.* from blog_content a left join blog_content_tag b on a.id=b.article_id left join blog_tag c on b.tag_id=c.id where c.id=2 [ RunTime:0.0030s ]
SQL: select a.* from blog_content a left join blog_content_tag b on a.id=b.article_id left join blog_tag c on b.tag_id=c.id where c.id=3 [ RunTime:0.0010s ]
SQL: select a.* from blog_content a left join blog_content_tag b on a.id=b.article_id left join blog_tag c on b.tag_id=c.id where c.id=4 [ RunTime:0.0010s ]
SQL: select a.* from blog_content a left join blog_content_tag b on a.id=b.article_id left join blog_tag c on b.tag_id=c.id where c.id=5 [ RunTime:0.0010s ]
SQL: SHOW COLUMNS FROM `blog_content` [ RunTime:0.0120s ]
SQL: SELECT * FROM `blog_content` ORDER BY reading_num LIMIT 10   [ RunTime:0.0030s ]
SQL: SHOW COLUMNS FROM `blog_type` [ RunTime:0.0120s ]
SQL: SELECT * FROM `blog_type` ORDER BY order_by desc  [ RunTime:0.0010s ]
SQL: SHOW COLUMNS FROM `blog_config` [ RunTime:0.0110s ]
SQL: SELECT * FROM `blog_config` WHERE ( id=1 ) LIMIT 1   [ RunTime:0.0000s ]
SQL: SHOW COLUMNS FROM `blog_link` [ RunTime:0.0110s ]
SQL: SELECT * FROM `blog_link`  [ RunTime:0.0000s ]
SQL: SELECT * FROM `blog_content` WHERE ( is_top=1 ) ORDER BY create_time desc LIMIT 2   [ RunTime:0.0010s ]
SQL: SHOW COLUMNS FROM `blog_content` [ RunTime:0.0110s ]
SQL: select a.*,b.type_name,b.id as typeid from blog_content a left join blog_type b on a.type_id=b.id order by a.create_time desc [ RunTime:0.0020s ]
SQL: select a.*,b.type_name,b.id as typeid from blog_content a left join blog_type b on a.type_id=b.id order by a.create_time desc limit 0,10 [ RunTime:0.0020s ]
INFO: [ view_parse ] --START--
INFO: [ template_filter ] --START--
INFO: Run Behavior\ContentReplaceBehavior [ RunTime:0.001000s ]
INFO: [ template_filter ] --END-- [ RunTime:0.001000s ]
INFO: Run Behavior\ParseTemplateBehavior [ RunTime:0.020001s ]
INFO: [ view_parse ] --END-- [ RunTime:0.020001s ]
INFO: [ view_filter ] --START--
INFO: Run Behavior\WriteHtmlCacheBehavior [ RunTime:0.002000s ]
INFO: [ view_filter ] --END-- [ RunTime:0.002000s ]
INFO: [ app_end ] --START--
INFO: Run Behavior\ShowPageTraceBehavior [ RunTime:0.001000s ]
INFO: [ app_end ] --END-- [ RunTime:0.002000s ]

[ 2017-05-27T13:08:40+08:00 ] 127.0.0.1 /home/index/content/id/24
INFO: [ app_init ] --START--
INFO: Run Behavior\BuildLiteBehavior [ RunTime:0.000000s ]
INFO: [ app_init ] --END-- [ RunTime:0.003000s ]
INFO: [ app_begin ] --START--
INFO: Run Behavior\ReadHtmlCacheBehavior [ RunTime:0.001000s ]
INFO: [ app_begin ] --END-- [ RunTime:0.001000s ]
SQL: SHOW COLUMNS FROM `blog_tag` [ RunTime:0.0170s ]
SQL: SELECT * FROM `blog_tag`  [ RunTime:0.0010s ]
SQL: select a.* from blog_content a left join blog_content_tag b on a.id=b.article_id left join blog_tag c on b.tag_id=c.id where c.id=1 [ RunTime:0.0030s ]
SQL: select a.* from blog_content a left join blog_content_tag b on a.id=b.article_id left join blog_tag c on b.tag_id=c.id where c.id=2 [ RunTime:0.0020s ]
SQL: select a.* from blog_content a left join blog_content_tag b on a.id=b.article_id left join blog_tag c on b.tag_id=c.id where c.id=3 [ RunTime:0.0000s ]
SQL: select a.* from blog_content a left join blog_content_tag b on a.id=b.article_id left join blog_tag c on b.tag_id=c.id where c.id=4 [ RunTime:0.0010s ]
SQL: select a.* from blog_content a left join blog_content_tag b on a.id=b.article_id left join blog_tag c on b.tag_id=c.id where c.id=5 [ RunTime:0.0010s ]
SQL: SHOW COLUMNS FROM `blog_content` [ RunTime:0.0130s ]
SQL: SELECT * FROM `blog_content` ORDER BY reading_num LIMIT 10   [ RunTime:0.0040s ]
SQL: SHOW COLUMNS FROM `blog_type` [ RunTime:0.0100s ]
SQL: SELECT * FROM `blog_type` ORDER BY order_by desc  [ RunTime:0.0000s ]
SQL: SHOW COLUMNS FROM `blog_config` [ RunTime:0.0130s ]
SQL: SELECT * FROM `blog_config` WHERE ( id=1 ) LIMIT 1   [ RunTime:0.0000s ]
SQL: SHOW COLUMNS FROM `blog_link` [ RunTime:0.0120s ]
SQL: SELECT * FROM `blog_link`  [ RunTime:0.0010s ]
SQL: SELECT * FROM `blog_content` WHERE ( is_top=1 ) ORDER BY create_time desc LIMIT 2   [ RunTime:0.0010s ]
SQL: SHOW COLUMNS FROM `blog_content` [ RunTime:0.0110s ]
NOTIC: [8] Use of undefined constant reading_num - assumed 'reading_num' D:\WWW\blog\App\Home\Controller\IndexController.class.php 第 172 行.

[ 2017-05-27T13:09:00+08:00 ] 127.0.0.1 /home/index/content/id/24
INFO: [ app_init ] --START--
INFO: Run Behavior\BuildLiteBehavior [ RunTime:0.000000s ]
INFO: [ app_init ] --END-- [ RunTime:0.001000s ]
INFO: [ app_begin ] --START--
INFO: Run Behavior\ReadHtmlCacheBehavior [ RunTime:0.001000s ]
INFO: [ app_begin ] --END-- [ RunTime:0.002000s ]
SQL: SHOW COLUMNS FROM `blog_tag` [ RunTime:0.0100s ]
SQL: SELECT * FROM `blog_tag`  [ RunTime:0.0010s ]
SQL: select a.* from blog_content a left join blog_content_tag b on a.id=b.article_id left join blog_tag c on b.tag_id=c.id where c.id=1 [ RunTime:0.0020s ]
SQL: select a.* from blog_content a left join blog_content_tag b on a.id=b.article_id left join blog_tag c on b.tag_id=c.id where c.id=2 [ RunTime:0.0020s ]
SQL: select a.* from blog_content a left join blog_content_tag b on a.id=b.article_id left join blog_tag c on b.tag_id=c.id where c.id=3 [ RunTime:0.0000s ]
SQL: select a.* from blog_content a left join blog_content_tag b on a.id=b.article_id left join blog_tag c on b.tag_id=c.id where c.id=4 [ RunTime:0.0010s ]
SQL: select a.* from blog_content a left join blog_content_tag b on a.id=b.article_id left join blog_tag c on b.tag_id=c.id where c.id=5 [ RunTime:0.0010s ]
SQL: SHOW COLUMNS FROM `blog_content` [ RunTime:0.0140s ]
SQL: SELECT * FROM `blog_content` ORDER BY reading_num LIMIT 10   [ RunTime:0.0020s ]
SQL: SHOW COLUMNS FROM `blog_type` [ RunTime:0.0130s ]
SQL: SELECT * FROM `blog_type` ORDER BY order_by desc  [ RunTime:0.0000s ]
SQL: SHOW COLUMNS FROM `blog_config` [ RunTime:0.0120s ]
SQL: SELECT * FROM `blog_config` WHERE ( id=1 ) LIMIT 1   [ RunTime:0.0000s ]
SQL: SHOW COLUMNS FROM `blog_link` [ RunTime:0.0100s ]
SQL: SELECT * FROM `blog_link`  [ RunTime:0.0010s ]
SQL: SELECT * FROM `blog_content` WHERE ( is_top=1 ) ORDER BY create_time desc LIMIT 2   [ RunTime:0.0020s ]
SQL: SHOW COLUMNS FROM `blog_content` [ RunTime:0.0120s ]
NOTIC: [8] Use of undefined constant reading_num - assumed 'reading_num' D:\WWW\blog\App\Home\Controller\IndexController.class.php 第 172 行.
SQL: UPDATE `blog_content` SET `reading_num`='1' WHERE ( id=24 ) [ RunTime:0.0020s ]

[ 2017-05-27T13:09:44+08:00 ] 127.0.0.1 /home/index/content/id/24
INFO: [ app_init ] --START--
INFO: Run Behavior\BuildLiteBehavior [ RunTime:0.000000s ]
INFO: [ app_init ] --END-- [ RunTime:0.000000s ]
INFO: [ app_begin ] --START--
INFO: Run Behavior\ReadHtmlCacheBehavior [ RunTime:0.001000s ]
INFO: [ app_begin ] --END-- [ RunTime:0.001000s ]
SQL: SHOW COLUMNS FROM `blog_tag` [ RunTime:0.0230s ]
SQL: SELECT * FROM `blog_tag`  [ RunTime:0.0010s ]
SQL: select a.* from blog_content a left join blog_content_tag b on a.id=b.article_id left join blog_tag c on b.tag_id=c.id where c.id=1 [ RunTime:0.0030s ]
SQL: select a.* from blog_content a left join blog_content_tag b on a.id=b.article_id left join blog_tag c on b.tag_id=c.id where c.id=2 [ RunTime:0.0020s ]
SQL: select a.* from blog_content a left join blog_content_tag b on a.id=b.article_id left join blog_tag c on b.tag_id=c.id where c.id=3 [ RunTime:0.0010s ]
SQL: select a.* from blog_content a left join blog_content_tag b on a.id=b.article_id left join blog_tag c on b.tag_id=c.id where c.id=4 [ RunTime:0.0010s ]
SQL: select a.* from blog_content a left join blog_content_tag b on a.id=b.article_id left join blog_tag c on b.tag_id=c.id where c.id=5 [ RunTime:0.0010s ]
SQL: SHOW COLUMNS FROM `blog_content` [ RunTime:0.0170s ]
SQL: SELECT * FROM `blog_content` ORDER BY reading_num LIMIT 10   [ RunTime:0.0030s ]
SQL: SHOW COLUMNS FROM `blog_type` [ RunTime:0.0110s ]
SQL: SELECT * FROM `blog_type` ORDER BY order_by desc  [ RunTime:0.0000s ]
SQL: SHOW COLUMNS FROM `blog_config` [ RunTime:0.0110s ]
SQL: SELECT * FROM `blog_config` WHERE ( id=1 ) LIMIT 1   [ RunTime:0.0010s ]
SQL: SHOW COLUMNS FROM `blog_link` [ RunTime:0.0100s ]
SQL: SELECT * FROM `blog_link`  [ RunTime:0.0000s ]
SQL: SELECT * FROM `blog_content` WHERE ( is_top=1 ) ORDER BY create_time desc LIMIT 2   [ RunTime:0.0020s ]
SQL: SHOW COLUMNS FROM `blog_content` [ RunTime:0.0110s ]
NOTIC: [8] Use of undefined constant reading_num - assumed 'reading_num' D:\WWW\blog\App\Home\Controller\IndexController.class.php 第 172 行.
SQL: UPDATE `blog_content` SET `reading_num`='1' WHERE ( id=24 ) [ RunTime:0.0020s ]
SQL: select b.type_name,b.id from blog_content a left join blog_type b on a.type_id=b.id where a.id=24 [ RunTime:0.0010s ]
SQL: SELECT * FROM `blog_content` WHERE ( id=24 ) LIMIT 1   [ RunTime:0.0000s ]
SQL: SELECT * FROM `blog_content` WHERE ( id<24 ) LIMIT 1   [ RunTime:0.0010s ]
SQL: SELECT * FROM `blog_content` WHERE ( id>24 ) LIMIT 1   [ RunTime:0.0000s ]
SQL: SELECT * FROM `blog_content`  [ RunTime:0.0020s ]
INFO: [ view_parse ] --START--
INFO: [ template_filter ] --START--
INFO: Run Behavior\ContentReplaceBehavior [ RunTime:0.000000s ]
INFO: [ template_filter ] --END-- [ RunTime:0.000000s ]
INFO: Run Behavior\ParseTemplateBehavior [ RunTime:0.034002s ]
INFO: [ view_parse ] --END-- [ RunTime:0.034002s ]
INFO: [ view_filter ] --START--
INFO: Run Behavior\WriteHtmlCacheBehavior [ RunTime:0.001000s ]
INFO: [ view_filter ] --END-- [ RunTime:0.001000s ]
INFO: [ app_end ] --START--
INFO: Run Behavior\ShowPageTraceBehavior [ RunTime:0.001000s ]
INFO: [ app_end ] --END-- [ RunTime:0.001000s ]

[ 2017-05-27T13:09:49+08:00 ] 127.0.0.1 /home/index/content/id/24
INFO: [ app_init ] --START--
INFO: Run Behavior\BuildLiteBehavior [ RunTime:0.000000s ]
INFO: [ app_init ] --END-- [ RunTime:0.001000s ]
INFO: [ app_begin ] --START--
INFO: Run Behavior\ReadHtmlCacheBehavior [ RunTime:0.001000s ]
INFO: [ app_begin ] --END-- [ RunTime:0.001000s ]
SQL: SHOW COLUMNS FROM `blog_tag` [ RunTime:0.0160s ]
SQL: SELECT * FROM `blog_tag`  [ RunTime:0.0000s ]
SQL: select a.* from blog_content a left join blog_content_tag b on a.id=b.article_id left join blog_tag c on b.tag_id=c.id where c.id=1 [ RunTime:0.0020s ]
SQL: select a.* from blog_content a left join blog_content_tag b on a.id=b.article_id left join blog_tag c on b.tag_id=c.id where c.id=2 [ RunTime:0.0020s ]
SQL: select a.* from blog_content a left join blog_content_tag b on a.id=b.article_id left join blog_tag c on b.tag_id=c.id where c.id=3 [ RunTime:0.0000s ]
SQL: select a.* from blog_content a left join blog_content_tag b on a.id=b.article_id left join blog_tag c on b.tag_id=c.id where c.id=4 [ RunTime:0.0010s ]
SQL: select a.* from blog_content a left join blog_content_tag b on a.id=b.article_id left join blog_tag c on b.tag_id=c.id where c.id=5 [ RunTime:0.0010s ]
SQL: SHOW COLUMNS FROM `blog_content` [ RunTime:0.0130s ]
SQL: SELECT * FROM `blog_content` ORDER BY reading_num LIMIT 10   [ RunTime:0.0030s ]
SQL: SHOW COLUMNS FROM `blog_type` [ RunTime:0.0120s ]
SQL: SELECT * FROM `blog_type` ORDER BY order_by desc  [ RunTime:0.0000s ]
SQL: SHOW COLUMNS FROM `blog_config` [ RunTime:0.0120s ]
SQL: SELECT * FROM `blog_config` WHERE ( id=1 ) LIMIT 1   [ RunTime:0.0000s ]
SQL: SHOW COLUMNS FROM `blog_link` [ RunTime:0.0110s ]
SQL: SELECT * FROM `blog_link`  [ RunTime:0.0000s ]
SQL: SELECT * FROM `blog_content` WHERE ( is_top=1 ) ORDER BY create_time desc LIMIT 2   [ RunTime:0.0010s ]
SQL: SHOW COLUMNS FROM `blog_content` [ RunTime:0.0120s ]
NOTIC: [8] Use of undefined constant reading_num - assumed 'reading_num' D:\WWW\blog\App\Home\Controller\IndexController.class.php 第 172 行.
SQL: UPDATE `blog_content` SET `reading_num`='1' WHERE ( id=24 ) [ RunTime:0.0030s ]
SQL: select b.type_name,b.id from blog_content a left join blog_type b on a.type_id=b.id where a.id=24 [ RunTime:0.0000s ]
SQL: SELECT * FROM `blog_content` WHERE ( id=24 ) LIMIT 1   [ RunTime:0.0000s ]
SQL: SELECT * FROM `blog_content` WHERE ( id<24 ) LIMIT 1   [ RunTime:0.0010s ]
SQL: SELECT * FROM `blog_content` WHERE ( id>24 ) LIMIT 1   [ RunTime:0.0010s ]
SQL: SELECT * FROM `blog_content`  [ RunTime:0.0020s ]
INFO: [ view_parse ] --START--
INFO: [ template_filter ] --START--
INFO: Run Behavior\ContentReplaceBehavior [ RunTime:0.000000s ]
INFO: [ template_filter ] --END-- [ RunTime:0.000000s ]
INFO: Run Behavior\ParseTemplateBehavior [ RunTime:0.017001s ]
INFO: [ view_parse ] --END-- [ RunTime:0.018001s ]
INFO: [ view_filter ] --START--
INFO: Run Behavior\WriteHtmlCacheBehavior [ RunTime:0.000000s ]
INFO: [ view_filter ] --END-- [ RunTime:0.000000s ]
INFO: [ app_end ] --START--
INFO: Run Behavior\ShowPageTraceBehavior [ RunTime:0.001000s ]
INFO: [ app_end ] --END-- [ RunTime:0.001000s ]

[ 2017-05-27T13:09:54+08:00 ] 127.0.0.1 /home/index/content/id/24
INFO: [ app_init ] --START--
INFO: Run Behavior\BuildLiteBehavior [ RunTime:0.000000s ]
INFO: [ app_init ] --END-- [ RunTime:0.001000s ]
INFO: [ app_begin ] --START--
INFO: Run Behavior\ReadHtmlCacheBehavior [ RunTime:0.001000s ]
INFO: [ app_begin ] --END-- [ RunTime:0.001000s ]
SQL: SHOW COLUMNS FROM `blog_tag` [ RunTime:0.0170s ]
SQL: SELECT * FROM `blog_tag`  [ RunTime:0.0010s ]
SQL: select a.* from blog_content a left join blog_content_tag b on a.id=b.article_id left join blog_tag c on b.tag_id=c.id where c.id=1 [ RunTime:0.0040s ]
SQL: select a.* from blog_content a left join blog_content_tag b on a.id=b.article_id left join blog_tag c on b.tag_id=c.id where c.id=2 [ RunTime:0.0030s ]
SQL: select a.* from blog_content a left join blog_content_tag b on a.id=b.article_id left join blog_tag c on b.tag_id=c.id where c.id=3 [ RunTime:0.0010s ]
SQL: select a.* from blog_content a left join blog_content_tag b on a.id=b.article_id left join blog_tag c on b.tag_id=c.id where c.id=4 [ RunTime:0.0010s ]
SQL: select a.* from blog_content a left join blog_content_tag b on a.id=b.article_id left join blog_tag c on b.tag_id=c.id where c.id=5 [ RunTime:0.0010s ]
SQL: SHOW COLUMNS FROM `blog_content` [ RunTime:0.0170s ]
SQL: SELECT * FROM `blog_content` ORDER BY reading_num LIMIT 10   [ RunTime:0.0030s ]
SQL: SHOW COLUMNS FROM `blog_type` [ RunTime:0.0110s ]
SQL: SELECT * FROM `blog_type` ORDER BY order_by desc  [ RunTime:0.0000s ]
SQL: SHOW COLUMNS FROM `blog_config` [ RunTime:0.0110s ]
SQL: SELECT * FROM `blog_config` WHERE ( id=1 ) LIMIT 1   [ RunTime:0.0000s ]
SQL: SHOW COLUMNS FROM `blog_link` [ RunTime:0.0100s ]
SQL: SELECT * FROM `blog_link`  [ RunTime:0.0010s ]
SQL: SELECT * FROM `blog_content` WHERE ( is_top=1 ) ORDER BY create_time desc LIMIT 2   [ RunTime:0.0020s ]
SQL: SHOW COLUMNS FROM `blog_content` [ RunTime:0.0110s ]
NOTIC: [8] Use of undefined constant reading_num - assumed 'reading_num' D:\WWW\blog\App\Home\Controller\IndexController.class.php 第 172 行.
SQL: UPDATE `blog_content` SET `reading_num`='1' WHERE ( id=24 ) [ RunTime:0.0030s ]
SQL: select b.type_name,b.id from blog_content a left join blog_type b on a.type_id=b.id where a.id=24 [ RunTime:0.0010s ]
SQL: SELECT * FROM `blog_content` WHERE ( id=24 ) LIMIT 1   [ RunTime:0.0010s ]
SQL: SELECT * FROM `blog_content` WHERE ( id<24 ) LIMIT 1   [ RunTime:0.0010s ]
SQL: SELECT * FROM `blog_content` WHERE ( id>24 ) LIMIT 1   [ RunTime:0.0000s ]
SQL: SELECT * FROM `blog_content`  [ RunTime:0.0030s ]
INFO: [ view_parse ] --START--
INFO: [ template_filter ] --START--
INFO: Run Behavior\ContentReplaceBehavior [ RunTime:0.001000s ]
INFO: [ template_filter ] --END-- [ RunTime:0.001000s ]
INFO: Run Behavior\ParseTemplateBehavior [ RunTime:0.018001s ]
INFO: [ view_parse ] --END-- [ RunTime:0.018001s ]
INFO: [ view_filter ] --START--
INFO: Run Behavior\WriteHtmlCacheBehavior [ RunTime:0.001000s ]
INFO: [ view_filter ] --END-- [ RunTime:0.001000s ]
INFO: [ app_end ] --START--
INFO: Run Behavior\ShowPageTraceBehavior [ RunTime:0.001000s ]
INFO: [ app_end ] --END-- [ RunTime:0.001000s ]

[ 2017-05-27T13:10:03+08:00 ] 127.0.0.1 /home/index/content/id/24
INFO: [ app_init ] --START--
INFO: Run Behavior\BuildLiteBehavior [ RunTime:0.000000s ]
INFO: [ app_init ] --END-- [ RunTime:0.001000s ]
INFO: [ app_begin ] --START--
INFO: Run Behavior\ReadHtmlCacheBehavior [ RunTime:0.001000s ]
INFO: [ app_begin ] --END-- [ RunTime:0.001000s ]
SQL: SHOW COLUMNS FROM `blog_tag` [ RunTime:0.0170s ]
SQL: SELECT * FROM `blog_tag`  [ RunTime:0.0000s ]
SQL: select a.* from blog_content a left join blog_content_tag b on a.id=b.article_id left join blog_tag c on b.tag_id=c.id where c.id=1 [ RunTime:0.0020s ]
SQL: select a.* from blog_content a left join blog_content_tag b on a.id=b.article_id left join blog_tag c on b.tag_id=c.id where c.id=2 [ RunTime:0.0020s ]
SQL: select a.* from blog_content a left join blog_content_tag b on a.id=b.article_id left join blog_tag c on b.tag_id=c.id where c.id=3 [ RunTime:0.0010s ]
SQL: select a.* from blog_content a left join blog_content_tag b on a.id=b.article_id left join blog_tag c on b.tag_id=c.id where c.id=4 [ RunTime:0.0010s ]
SQL: select a.* from blog_content a left join blog_content_tag b on a.id=b.article_id left join blog_tag c on b.tag_id=c.id where c.id=5 [ RunTime:0.0010s ]
SQL: SHOW COLUMNS FROM `blog_content` [ RunTime:0.0140s ]
SQL: SELECT * FROM `blog_content` ORDER BY reading_num LIMIT 10   [ RunTime:0.0030s ]
SQL: SHOW COLUMNS FROM `blog_type` [ RunTime:0.0110s ]
SQL: SELECT * FROM `blog_type` ORDER BY order_by desc  [ RunTime:0.0010s ]
SQL: SHOW COLUMNS FROM `blog_config` [ RunTime:0.0100s ]
SQL: SELECT * FROM `blog_config` WHERE ( id=1 ) LIMIT 1   [ RunTime:0.0000s ]
SQL: SHOW COLUMNS FROM `blog_link` [ RunTime:0.0120s ]
SQL: SELECT * FROM `blog_link`  [ RunTime:0.0010s ]
SQL: SELECT * FROM `blog_content` WHERE ( is_top=1 ) ORDER BY create_time desc LIMIT 2   [ RunTime:0.0010s ]
SQL: SHOW COLUMNS FROM `blog_content` [ RunTime:0.0110s ]
NOTIC: [8] Use of undefined constant reading_num - assumed 'reading_num' D:\WWW\blog\App\Home\Controller\IndexController.class.php 第 172 行.
SQL: UPDATE `blog_content` SET `reading_num`='1' WHERE ( id=24 ) [ RunTime:0.0020s ]
SQL: select b.type_name,b.id from blog_content a left join blog_type b on a.type_id=b.id where a.id=24 [ RunTime:0.0010s ]
SQL: SELECT * FROM `blog_content` WHERE ( id=24 ) LIMIT 1   [ RunTime:0.0000s ]
SQL: SELECT * FROM `blog_content` WHERE ( id<24 ) LIMIT 1   [ RunTime:0.0010s ]
SQL: SELECT * FROM `blog_content` WHERE ( id>24 ) LIMIT 1   [ RunTime:0.0000s ]
SQL: SELECT * FROM `blog_content`  [ RunTime:0.0020s ]
INFO: [ view_parse ] --START--
INFO: [ template_filter ] --START--
INFO: Run Behavior\ContentReplaceBehavior [ RunTime:0.000000s ]
INFO: [ template_filter ] --END-- [ RunTime:0.000000s ]
INFO: Run Behavior\ParseTemplateBehavior [ RunTime:0.017001s ]
INFO: [ view_parse ] --END-- [ RunTime:0.017001s ]
INFO: [ view_filter ] --START--
INFO: Run Behavior\WriteHtmlCacheBehavior [ RunTime:0.001000s ]
INFO: [ view_filter ] --END-- [ RunTime:0.001000s ]
INFO: [ app_end ] --START--
INFO: Run Behavior\ShowPageTraceBehavior [ RunTime:0.001000s ]
INFO: [ app_end ] --END-- [ RunTime:0.001000s ]

[ 2017-05-27T13:10:11+08:00 ] 127.0.0.1 /home/index/content/id/24
INFO: [ app_init ] --START--
INFO: Run Behavior\BuildLiteBehavior [ RunTime:0.000000s ]
INFO: [ app_init ] --END-- [ RunTime:0.002000s ]
INFO: [ app_begin ] --START--
INFO: Run Behavior\ReadHtmlCacheBehavior [ RunTime:0.001000s ]
INFO: [ app_begin ] --END-- [ RunTime:0.001000s ]
SQL: SHOW COLUMNS FROM `blog_tag` [ RunTime:0.0250s ]
SQL: SELECT * FROM `blog_tag`  [ RunTime:0.0010s ]
SQL: select a.* from blog_content a left join blog_content_tag b on a.id=b.article_id left join blog_tag c on b.tag_id=c.id where c.id=1 [ RunTime:0.0040s ]
SQL: select a.* from blog_content a left join blog_content_tag b on a.id=b.article_id left join blog_tag c on b.tag_id=c.id where c.id=2 [ RunTime:0.0020s ]
SQL: select a.* from blog_content a left join blog_content_tag b on a.id=b.article_id left join blog_tag c on b.tag_id=c.id where c.id=3 [ RunTime:0.0010s ]
SQL: select a.* from blog_content a left join blog_content_tag b on a.id=b.article_id left join blog_tag c on b.tag_id=c.id where c.id=4 [ RunTime:0.0000s ]
SQL: select a.* from blog_content a left join blog_content_tag b on a.id=b.article_id left join blog_tag c on b.tag_id=c.id where c.id=5 [ RunTime:0.0000s ]
SQL: SHOW COLUMNS FROM `blog_content` [ RunTime:0.0130s ]
SQL: SELECT * FROM `blog_content` ORDER BY reading_num LIMIT 10   [ RunTime:0.0030s ]
SQL: SHOW COLUMNS FROM `blog_type` [ RunTime:0.0120s ]
SQL: SELECT * FROM `blog_type` ORDER BY order_by desc  [ RunTime:0.0010s ]
SQL: SHOW COLUMNS FROM `blog_config` [ RunTime:0.0110s ]
SQL: SELECT * FROM `blog_config` WHERE ( id=1 ) LIMIT 1   [ RunTime:0.0010s ]
SQL: SHOW COLUMNS FROM `blog_link` [ RunTime:0.0110s ]
SQL: SELECT * FROM `blog_link`  [ RunTime:0.0010s ]
SQL: SELECT * FROM `blog_content` WHERE ( is_top=1 ) ORDER BY create_time desc LIMIT 2   [ RunTime:0.0010s ]
SQL: SHOW COLUMNS FROM `blog_content` [ RunTime:0.0120s ]
NOTIC: [8] Use of undefined constant reading_num - assumed 'reading_num' D:\WWW\blog\App\Home\Controller\IndexController.class.php 第 172 行.
SQL: UPDATE `blog_content` SET `reading_num`='1' WHERE ( id=24 ) [ RunTime:0.0020s ]
SQL: select b.type_name,b.id from blog_content a left join blog_type b on a.type_id=b.id where a.id=24 [ RunTime:0.0010s ]
SQL: SELECT * FROM `blog_content` WHERE ( id=24 ) LIMIT 1   [ RunTime:0.0000s ]
SQL: SELECT * FROM `blog_content` WHERE ( id<24 ) LIMIT 1   [ RunTime:0.0000s ]
SQL: SELECT * FROM `blog_content` WHERE ( id>24 ) LIMIT 1   [ RunTime:0.0010s ]
SQL: SELECT * FROM `blog_content`  [ RunTime:0.0020s ]
INFO: [ view_parse ] --START--
INFO: [ template_filter ] --START--
INFO: Run Behavior\ContentReplaceBehavior [ RunTime:0.000000s ]
INFO: [ template_filter ] --END-- [ RunTime:0.000000s ]
INFO: Run Behavior\ParseTemplateBehavior [ RunTime:0.018001s ]
INFO: [ view_parse ] --END-- [ RunTime:0.018001s ]
INFO: [ view_filter ] --START--
INFO: Run Behavior\WriteHtmlCacheBehavior [ RunTime:0.001001s ]
INFO: [ view_filter ] --END-- [ RunTime:0.001001s ]
INFO: [ app_end ] --START--
INFO: Run Behavior\ShowPageTraceBehavior [ RunTime:0.001000s ]
INFO: [ app_end ] --END-- [ RunTime:0.001000s ]

[ 2017-05-27T13:18:12+08:00 ] 127.0.0.1 /home/index/content/id/24
INFO: [ app_init ] --START--
INFO: Run Behavior\BuildLiteBehavior [ RunTime:0.000000s ]
INFO: [ app_init ] --END-- [ RunTime:0.002000s ]
INFO: [ app_begin ] --START--
INFO: Run Behavior\ReadHtmlCacheBehavior [ RunTime:0.001000s ]
INFO: [ app_begin ] --END-- [ RunTime:0.001000s ]
SQL: SHOW COLUMNS FROM `blog_tag` [ RunTime:0.0780s ]
SQL: SELECT * FROM `blog_tag`  [ RunTime:0.0010s ]
SQL: select a.* from blog_content a left join blog_content_tag b on a.id=b.article_id left join blog_tag c on b.tag_id=c.id where c.id=1 [ RunTime:0.0040s ]
SQL: select a.* from blog_content a left join blog_content_tag b on a.id=b.article_id left join blog_tag c on b.tag_id=c.id where c.id=2 [ RunTime:0.0010s ]
SQL: select a.* from blog_content a left join blog_content_tag b on a.id=b.article_id left join blog_tag c on b.tag_id=c.id where c.id=3 [ RunTime:0.0010s ]
SQL: select a.* from blog_content a left join blog_content_tag b on a.id=b.article_id left join blog_tag c on b.tag_id=c.id where c.id=4 [ RunTime:0.0010s ]
SQL: select a.* from blog_content a left join blog_content_tag b on a.id=b.article_id left join blog_tag c on b.tag_id=c.id where c.id=5 [ RunTime:0.0000s ]
SQL: SHOW COLUMNS FROM `blog_content` [ RunTime:0.0170s ]
SQL: SELECT * FROM `blog_content` ORDER BY reading_num LIMIT 10   [ RunTime:0.0040s ]
SQL: SHOW COLUMNS FROM `blog_type` [ RunTime:0.0110s ]
SQL: SELECT * FROM `blog_type` ORDER BY order_by desc  [ RunTime:0.0000s ]
SQL: SHOW COLUMNS FROM `blog_config` [ RunTime:0.0100s ]
SQL: SELECT * FROM `blog_config` WHERE ( id=1 ) LIMIT 1   [ RunTime:0.0010s ]
SQL: SHOW COLUMNS FROM `blog_link` [ RunTime:0.0120s ]
SQL: SELECT * FROM `blog_link`  [ RunTime:0.0000s ]
SQL: SELECT * FROM `blog_content` WHERE ( is_top=1 ) ORDER BY create_time desc LIMIT 2   [ RunTime:0.0010s ]
SQL: SHOW COLUMNS FROM `blog_content` [ RunTime:0.0100s ]
SQL: UPDATE `blog_content` SET `reading_num`=reading_num+1 WHERE ( id=24 ) [ RunTime:0.0870s ]
SQL: select b.type_name,b.id from blog_content a left join blog_type b on a.type_id=b.id where a.id=24 [ RunTime:0.0010s ]
SQL: SELECT * FROM `blog_content` WHERE ( id=24 ) LIMIT 1   [ RunTime:0.0000s ]
SQL: SELECT * FROM `blog_content` WHERE ( id<24 ) LIMIT 1   [ RunTime:0.0010s ]
SQL: SELECT * FROM `blog_content` WHERE ( id>24 ) LIMIT 1   [ RunTime:0.0010s ]
SQL: SELECT * FROM `blog_content`  [ RunTime:0.0040s ]
INFO: [ view_parse ] --START--
INFO: [ template_filter ] --START--
INFO: Run Behavior\ContentReplaceBehavior [ RunTime:0.000000s ]
INFO: [ template_filter ] --END-- [ RunTime:0.000000s ]
INFO: Run Behavior\ParseTemplateBehavior [ RunTime:0.030002s ]
INFO: [ view_parse ] --END-- [ RunTime:0.030002s ]
INFO: [ view_filter ] --START--
INFO: Run Behavior\WriteHtmlCacheBehavior [ RunTime:0.001000s ]
INFO: [ view_filter ] --END-- [ RunTime:0.001000s ]
INFO: [ app_end ] --START--
INFO: Run Behavior\ShowPageTraceBehavior [ RunTime:0.001000s ]
INFO: [ app_end ] --END-- [ RunTime:0.001000s ]

[ 2017-05-27T13:18:17+08:00 ] 127.0.0.1 /home/index/content/id/24
INFO: [ app_init ] --START--
INFO: Run Behavior\BuildLiteBehavior [ RunTime:0.000000s ]
INFO: [ app_init ] --END-- [ RunTime:0.001000s ]
INFO: [ app_begin ] --START--
INFO: Run Behavior\ReadHtmlCacheBehavior [ RunTime:0.001000s ]
INFO: [ app_begin ] --END-- [ RunTime:0.001000s ]
SQL: SHOW COLUMNS FROM `blog_tag` [ RunTime:0.0160s ]
SQL: SELECT * FROM `blog_tag`  [ RunTime:0.0000s ]
SQL: select a.* from blog_content a left join blog_content_tag b on a.id=b.article_id left join blog_tag c on b.tag_id=c.id where c.id=1 [ RunTime:0.0020s ]
SQL: select a.* from blog_content a left join blog_content_tag b on a.id=b.article_id left join blog_tag c on b.tag_id=c.id where c.id=2 [ RunTime:0.0020s ]
SQL: select a.* from blog_content a left join blog_content_tag b on a.id=b.article_id left join blog_tag c on b.tag_id=c.id where c.id=3 [ RunTime:0.0010s ]
SQL: select a.* from blog_content a left join blog_content_tag b on a.id=b.article_id left join blog_tag c on b.tag_id=c.id where c.id=4 [ RunTime:0.0010s ]
SQL: select a.* from blog_content a left join blog_content_tag b on a.id=b.article_id left join blog_tag c on b.tag_id=c.id where c.id=5 [ RunTime:0.0010s ]
SQL: SHOW COLUMNS FROM `blog_content` [ RunTime:0.0130s ]
SQL: SELECT * FROM `blog_content` ORDER BY reading_num LIMIT 10   [ RunTime:0.0030s ]
SQL: SHOW COLUMNS FROM `blog_type` [ RunTime:0.0110s ]
SQL: SELECT * FROM `blog_type` ORDER BY order_by desc  [ RunTime:0.0000s ]
SQL: SHOW COLUMNS FROM `blog_config` [ RunTime:0.0120s ]
SQL: SELECT * FROM `blog_config` WHERE ( id=1 ) LIMIT 1   [ RunTime:0.0010s ]
SQL: SHOW COLUMNS FROM `blog_link` [ RunTime:0.0110s ]
SQL: SELECT * FROM `blog_link`  [ RunTime:0.0010s ]
SQL: SELECT * FROM `blog_content` WHERE ( is_top=1 ) ORDER BY create_time desc LIMIT 2   [ RunTime:0.0010s ]
SQL: SHOW COLUMNS FROM `blog_content` [ RunTime:0.0120s ]
SQL: UPDATE `blog_content` SET `reading_num`=reading_num+1 WHERE ( id=24 ) [ RunTime:0.0030s ]
SQL: select b.type_name,b.id from blog_content a left join blog_type b on a.type_id=b.id where a.id=24 [ RunTime:0.0000s ]
SQL: SELECT * FROM `blog_content` WHERE ( id=24 ) LIMIT 1   [ RunTime:0.0000s ]
SQL: SELECT * FROM `blog_content` WHERE ( id<24 ) LIMIT 1   [ RunTime:0.0010s ]
SQL: SELECT * FROM `blog_content` WHERE ( id>24 ) LIMIT 1   [ RunTime:0.0000s ]
SQL: SELECT * FROM `blog_content`  [ RunTime:0.0020s ]
INFO: [ view_parse ] --START--
INFO: [ template_filter ] --START--
INFO: Run Behavior\ContentReplaceBehavior [ RunTime:0.001000s ]
INFO: [ template_filter ] --END-- [ RunTime:0.001000s ]
INFO: Run Behavior\ParseTemplateBehavior [ RunTime:0.018001s ]
INFO: [ view_parse ] --END-- [ RunTime:0.018001s ]
INFO: [ view_filter ] --START--
INFO: Run Behavior\WriteHtmlCacheBehavior [ RunTime:0.001000s ]
INFO: [ view_filter ] --END-- [ RunTime:0.001000s ]
INFO: [ app_end ] --START--
INFO: Run Behavior\ShowPageTraceBehavior [ RunTime:0.001000s ]
INFO: [ app_end ] --END-- [ RunTime:0.001000s ]

[ 2017-05-27T13:20:25+08:00 ] 127.0.0.1 /
INFO: [ app_init ] --START--
INFO: Run Behavior\BuildLiteBehavior [ RunTime:0.000000s ]
INFO: [ app_init ] --END-- [ RunTime:0.000000s ]
INFO: [ app_begin ] --START--
INFO: Run Behavior\ReadHtmlCacheBehavior [ RunTime:0.001000s ]
INFO: [ app_begin ] --END-- [ RunTime:0.001000s ]
SQL: SHOW COLUMNS FROM `blog_tag` [ RunTime:0.0170s ]
SQL: SELECT * FROM `blog_tag`  [ RunTime:0.0010s ]
SQL: select a.* from blog_content a left join blog_content_tag b on a.id=b.article_id left join blog_tag c on b.tag_id=c.id where c.id=1 [ RunTime:0.0020s ]
SQL: select a.* from blog_content a left join blog_content_tag b on a.id=b.article_id left join blog_tag c on b.tag_id=c.id where c.id=2 [ RunTime:0.0020s ]
SQL: select a.* from blog_content a left join blog_content_tag b on a.id=b.article_id left join blog_tag c on b.tag_id=c.id where c.id=3 [ RunTime:0.0010s ]
SQL: select a.* from blog_content a left join blog_content_tag b on a.id=b.article_id left join blog_tag c on b.tag_id=c.id where c.id=4 [ RunTime:0.0010s ]
SQL: select a.* from blog_content a left join blog_content_tag b on a.id=b.article_id left join blog_tag c on b.tag_id=c.id where c.id=5 [ RunTime:0.0010s ]
SQL: SHOW COLUMNS FROM `blog_content` [ RunTime:0.0140s ]
SQL: SELECT * FROM `blog_content` ORDER BY reading_num LIMIT 10   [ RunTime:0.0020s ]
SQL: SHOW COLUMNS FROM `blog_type` [ RunTime:0.0100s ]
SQL: SELECT * FROM `blog_type` ORDER BY order_by desc  [ RunTime:0.0000s ]
SQL: SHOW COLUMNS FROM `blog_config` [ RunTime:0.0120s ]
SQL: SELECT * FROM `blog_config` WHERE ( id=1 ) LIMIT 1   [ RunTime:0.0000s ]
SQL: SHOW COLUMNS FROM `blog_link` [ RunTime:0.0100s ]
SQL: SELECT * FROM `blog_link`  [ RunTime:0.0010s ]
SQL: SELECT * FROM `blog_content` WHERE ( is_top=1 ) ORDER BY create_time desc LIMIT 2   [ RunTime:0.0010s ]
SQL: SHOW COLUMNS FROM `blog_content` [ RunTime:0.0100s ]
SQL: select a.*,b.type_name,b.id as typeid from blog_content a left join blog_type b on a.type_id=b.id order by a.create_time desc [ RunTime:0.0020s ]
SQL: select a.*,b.type_name,b.id as typeid from blog_content a left join blog_type b on a.type_id=b.id order by a.create_time desc limit 0,10 [ RunTime:0.0040s ]
INFO: [ view_parse ] --START--
INFO: [ template_filter ] --START--
INFO: Run Behavior\ContentReplaceBehavior [ RunTime:0.000000s ]
INFO: [ template_filter ] --END-- [ RunTime:0.000000s ]
INFO: Run Behavior\ParseTemplateBehavior [ RunTime:0.020001s ]
INFO: [ view_parse ] --END-- [ RunTime:0.020001s ]
INFO: [ view_filter ] --START--
INFO: Run Behavior\WriteHtmlCacheBehavior [ RunTime:0.001000s ]
INFO: [ view_filter ] --END-- [ RunTime:0.001000s ]
INFO: [ app_end ] --START--
INFO: Run Behavior\ShowPageTraceBehavior [ RunTime:0.001000s ]
INFO: [ app_end ] --END-- [ RunTime:0.001000s ]

[ 2017-05-27T13:20:33+08:00 ] 127.0.0.1 /home/index/content/id/22
INFO: [ app_init ] --START--
INFO: Run Behavior\BuildLiteBehavior [ RunTime:0.000000s ]
INFO: [ app_init ] --END-- [ RunTime:0.001000s ]
INFO: [ app_begin ] --START--
INFO: Run Behavior\ReadHtmlCacheBehavior [ RunTime:0.001000s ]
INFO: [ app_begin ] --END-- [ RunTime:0.001000s ]
SQL: SHOW COLUMNS FROM `blog_tag` [ RunTime:0.0170s ]
SQL: SELECT * FROM `blog_tag`  [ RunTime:0.0000s ]
SQL: select a.* from blog_content a left join blog_content_tag b on a.id=b.article_id left join blog_tag c on b.tag_id=c.id where c.id=1 [ RunTime:0.0040s ]
SQL: select a.* from blog_content a left join blog_content_tag b on a.id=b.article_id left join blog_tag c on b.tag_id=c.id where c.id=2 [ RunTime:0.0020s ]
SQL: select a.* from blog_content a left join blog_content_tag b on a.id=b.article_id left join blog_tag c on b.tag_id=c.id where c.id=3 [ RunTime:0.0010s ]
SQL: select a.* from blog_content a left join blog_content_tag b on a.id=b.article_id left join blog_tag c on b.tag_id=c.id where c.id=4 [ RunTime:0.0010s ]
SQL: select a.* from blog_content a left join blog_content_tag b on a.id=b.article_id left join blog_tag c on b.tag_id=c.id where c.id=5 [ RunTime:0.0010s ]
SQL: SHOW COLUMNS FROM `blog_content` [ RunTime:0.0150s ]
SQL: SELECT * FROM `blog_content` ORDER BY reading_num LIMIT 10   [ RunTime:0.0020s ]
SQL: SHOW COLUMNS FROM `blog_type` [ RunTime:0.0160s ]
SQL: SELECT * FROM `blog_type` ORDER BY order_by desc  [ RunTime:0.0000s ]
SQL: SHOW COLUMNS FROM `blog_config` [ RunTime:0.0110s ]
SQL: SELECT * FROM `blog_config` WHERE ( id=1 ) LIMIT 1   [ RunTime:0.0000s ]
SQL: SHOW COLUMNS FROM `blog_link` [ RunTime:0.0100s ]
SQL: SELECT * FROM `blog_link`  [ RunTime:0.0010s ]
SQL: SELECT * FROM `blog_content` WHERE ( is_top=1 ) ORDER BY create_time desc LIMIT 2   [ RunTime:0.0010s ]
SQL: SHOW COLUMNS FROM `blog_content` [ RunTime:0.0110s ]
SQL: UPDATE `blog_content` SET `reading_num`=reading_num+1 WHERE ( id=22 ) [ RunTime:0.0020s ]
SQL: select b.type_name,b.id from blog_content a left join blog_type b on a.type_id=b.id where a.id=22 [ RunTime:0.0010s ]
SQL: SELECT * FROM `blog_content` WHERE ( id=22 ) LIMIT 1   [ RunTime:0.0010s ]
SQL: SELECT * FROM `blog_content` WHERE ( id<22 ) LIMIT 1   [ RunTime:0.0000s ]
SQL: SELECT * FROM `blog_content` WHERE ( id>22 ) LIMIT 1   [ RunTime:0.0010s ]
SQL: SELECT * FROM `blog_content`  [ RunTime:0.0020s ]
INFO: [ view_parse ] --START--
INFO: [ template_filter ] --START--
INFO: Run Behavior\ContentReplaceBehavior [ RunTime:0.000000s ]
INFO: [ template_filter ] --END-- [ RunTime:0.000000s ]
INFO: Run Behavior\ParseTemplateBehavior [ RunTime:0.017001s ]
INFO: [ view_parse ] --END-- [ RunTime:0.017001s ]
INFO: [ view_filter ] --START--
INFO: Run Behavior\WriteHtmlCacheBehavior [ RunTime:0.001000s ]
INFO: [ view_filter ] --END-- [ RunTime:0.001000s ]
INFO: [ app_end ] --START--
INFO: Run Behavior\ShowPageTraceBehavior [ RunTime:0.001000s ]
INFO: [ app_end ] --END-- [ RunTime:0.001000s ]

[ 2017-05-27T13:23:39+08:00 ] 127.0.0.1 /home/index/content/id/22
INFO: [ app_init ] --START--
INFO: Run Behavior\BuildLiteBehavior [ RunTime:0.000000s ]
INFO: [ app_init ] --END-- [ RunTime:0.000000s ]
INFO: [ app_begin ] --START--
INFO: Run Behavior\ReadHtmlCacheBehavior [ RunTime:0.001000s ]
INFO: [ app_begin ] --END-- [ RunTime:0.001000s ]
SQL: SHOW COLUMNS FROM `blog_tag` [ RunTime:0.0210s ]
SQL: SELECT * FROM `blog_tag`  [ RunTime:0.0010s ]
SQL: select a.* from blog_content a left join blog_content_tag b on a.id=b.article_id left join blog_tag c on b.tag_id=c.id where c.id=1 [ RunTime:0.0030s ]
SQL: select a.* from blog_content a left join blog_content_tag b on a.id=b.article_id left join blog_tag c on b.tag_id=c.id where c.id=2 [ RunTime:0.0030s ]
SQL: select a.* from blog_content a left join blog_content_tag b on a.id=b.article_id left join blog_tag c on b.tag_id=c.id where c.id=3 [ RunTime:0.0010s ]
SQL: select a.* from blog_content a left join blog_content_tag b on a.id=b.article_id left join blog_tag c on b.tag_id=c.id where c.id=4 [ RunTime:0.0010s ]
SQL: select a.* from blog_content a left join blog_content_tag b on a.id=b.article_id left join blog_tag c on b.tag_id=c.id where c.id=5 [ RunTime:0.0010s ]
SQL: SHOW COLUMNS FROM `blog_content` [ RunTime:0.0140s ]
SQL: SELECT * FROM `blog_content` ORDER BY reading_num LIMIT 10   [ RunTime:0.0020s ]
SQL: SHOW COLUMNS FROM `blog_type` [ RunTime:0.0100s ]
SQL: SELECT * FROM `blog_type` ORDER BY order_by desc  [ RunTime:0.0000s ]
SQL: SHOW COLUMNS FROM `blog_config` [ RunTime:0.0110s ]
SQL: SELECT * FROM `blog_config` WHERE ( id=1 ) LIMIT 1   [ RunTime:0.0020s ]
SQL: SHOW COLUMNS FROM `blog_link` [ RunTime:0.0120s ]
SQL: SELECT * FROM `blog_link`  [ RunTime:0.0010s ]
SQL: SELECT * FROM `blog_content` WHERE ( is_top=1 ) ORDER BY create_time desc LIMIT 2   [ RunTime:0.0010s ]
SQL: SHOW COLUMNS FROM `blog_content` [ RunTime:0.0110s ]
SQL: UPDATE `blog_content` SET `reading_num`=reading_num+1 WHERE ( id=22 ) [ RunTime:0.0020s ]
SQL: select b.type_name,b.id from blog_content a left join blog_type b on a.type_id=b.id where a.id=22 [ RunTime:0.0000s ]
SQL: SELECT * FROM `blog_content` WHERE ( id=22 ) LIMIT 1   [ RunTime:0.0010s ]
SQL: SELECT * FROM `blog_content` WHERE ( id<22 ) LIMIT 1   [ RunTime:0.0010s ]
SQL: SELECT * FROM `blog_content` WHERE ( id>22 ) LIMIT 1   [ RunTime:0.0010s ]
SQL: SELECT * FROM `blog_content`  [ RunTime:0.0020s ]
INFO: [ view_parse ] --START--
INFO: [ template_filter ] --START--
INFO: Run Behavior\ContentReplaceBehavior [ RunTime:0.000000s ]
INFO: [ template_filter ] --END-- [ RunTime:0.000000s ]
INFO: Run Behavior\ParseTemplateBehavior [ RunTime:0.019001s ]
INFO: [ view_parse ] --END-- [ RunTime:0.019001s ]
INFO: [ view_filter ] --START--
INFO: Run Behavior\WriteHtmlCacheBehavior [ RunTime:0.001000s ]
INFO: [ view_filter ] --END-- [ RunTime:0.001000s ]
INFO: [ app_end ] --START--
INFO: Run Behavior\ShowPageTraceBehavior [ RunTime:0.000000s ]
INFO: [ app_end ] --END-- [ RunTime:0.000000s ]

[ 2017-05-27T13:24:12+08:00 ] 127.0.0.1 /home/index/content/id/22
INFO: [ app_init ] --START--
INFO: Run Behavior\BuildLiteBehavior [ RunTime:0.000000s ]
INFO: [ app_init ] --END-- [ RunTime:0.001000s ]
INFO: [ app_begin ] --START--
INFO: Run Behavior\ReadHtmlCacheBehavior [ RunTime:0.001000s ]
INFO: [ app_begin ] --END-- [ RunTime:0.001000s ]
SQL: SHOW COLUMNS FROM `blog_tag` [ RunTime:0.0190s ]
SQL: SELECT * FROM `blog_tag`  [ RunTime:0.0010s ]
SQL: select a.* from blog_content a left join blog_content_tag b on a.id=b.article_id left join blog_tag c on b.tag_id=c.id where c.id=1 [ RunTime:0.0030s ]
SQL: select a.* from blog_content a left join blog_content_tag b on a.id=b.article_id left join blog_tag c on b.tag_id=c.id where c.id=2 [ RunTime:0.0010s ]
SQL: select a.* from blog_content a left join blog_content_tag b on a.id=b.article_id left join blog_tag c on b.tag_id=c.id where c.id=3 [ RunTime:0.0000s ]
SQL: select a.* from blog_content a left join blog_content_tag b on a.id=b.article_id left join blog_tag c on b.tag_id=c.id where c.id=4 [ RunTime:0.0000s ]
SQL: select a.* from blog_content a left join blog_content_tag b on a.id=b.article_id left join blog_tag c on b.tag_id=c.id where c.id=5 [ RunTime:0.0010s ]
SQL: SHOW COLUMNS FROM `blog_content` [ RunTime:0.0130s ]
SQL: SELECT * FROM `blog_content` ORDER BY reading_num LIMIT 10   [ RunTime:0.0060s ]
SQL: SHOW COLUMNS FROM `blog_type` [ RunTime:0.0170s ]
SQL: SELECT * FROM `blog_type` ORDER BY order_by desc  [ RunTime:0.0000s ]
SQL: SHOW COLUMNS FROM `blog_config` [ RunTime:0.0120s ]
SQL: SELECT * FROM `blog_config` WHERE ( id=1 ) LIMIT 1   [ RunTime:0.0020s ]
SQL: SHOW COLUMNS FROM `blog_link` [ RunTime:0.0120s ]
SQL: SELECT * FROM `blog_link`  [ RunTime:0.0000s ]
SQL: SELECT * FROM `blog_content` WHERE ( is_top=1 ) ORDER BY create_time desc LIMIT 2   [ RunTime:0.0020s ]
SQL: SHOW COLUMNS FROM `blog_content` [ RunTime:0.0110s ]
SQL: UPDATE `blog_content` SET `reading_num`=reading_num+1 WHERE ( id=22 ) [ RunTime:0.0030s ]
SQL: select b.type_name,b.id from blog_content a left join blog_type b on a.type_id=b.id where a.id=22 [ RunTime:0.0000s ]
SQL: SELECT * FROM `blog_content` WHERE ( id=22 ) LIMIT 1   [ RunTime:0.0000s ]
SQL: SELECT * FROM `blog_content` WHERE ( id<22 ) LIMIT 1   [ RunTime:0.0010s ]
SQL: SELECT * FROM `blog_content` WHERE ( id>22 ) LIMIT 1   [ RunTime:0.0000s ]
SQL: SELECT * FROM `blog_content`  [ RunTime:0.0020s ]
INFO: [ view_parse ] --START--
INFO: [ template_filter ] --START--
INFO: Run Behavior\ContentReplaceBehavior [ RunTime:0.000000s ]
INFO: [ template_filter ] --END-- [ RunTime:0.000000s ]
INFO: Run Behavior\ParseTemplateBehavior [ RunTime:0.019001s ]
INFO: [ view_parse ] --END-- [ RunTime:0.019001s ]
INFO: [ view_filter ] --START--
INFO: Run Behavior\WriteHtmlCacheBehavior [ RunTime:0.001000s ]
INFO: [ view_filter ] --END-- [ RunTime:0.001000s ]
INFO: [ app_end ] --START--
INFO: Run Behavior\ShowPageTraceBehavior [ RunTime:0.001000s ]
INFO: [ app_end ] --END-- [ RunTime:0.001000s ]

