[ 2017-05-27T13:10:57+08:00 ] 127.0.0.1 /admin/type/index
INFO: [ app_init ] --START--
INFO: Run Behavior\BuildLiteBehavior [ RunTime:0.000000s ]
INFO: [ app_init ] --END-- [ RunTime:0.001000s ]
INFO: [ app_begin ] --START--
INFO: Run Behavior\ReadHtmlCacheBehavior [ RunTime:0.001000s ]
INFO: [ app_begin ] --END-- [ RunTime:0.001000s ]
SQL: SHOW COLUMNS FROM `blog_type` [ RunTime:0.0180s ]
SQL: SHOW COLUMNS FROM `blog_type` [ RunTime:0.0350s ]
SQL: select *, case model_id
							   when 1 then "文章模型" 
							   when 2 then "独立模型"
							   when 3 then "作品展示"
							   else "其它类型"
						 end as model_id
				from blog_type order by order_by desc; [ RunTime:0.0010s ]
INFO: [ view_parse ] --START--
INFO: [ template_filter ] --START--
INFO: Run Behavior\ContentReplaceBehavior [ RunTime:0.000000s ]
INFO: [ template_filter ] --END-- [ RunTime:0.000000s ]
NOTIC: [8] Undefined variable: configinfo D:\WWW\blog\App\Runtime\Cache\Admin\b90703ca8b2bf3535fa3d9139253085d.php 第 19 行.
NOTIC: [8] Undefined variable: configinfo D:\WWW\blog\App\Runtime\Cache\Admin\b90703ca8b2bf3535fa3d9139253085d.php 第 20 行.
NOTIC: [8] Undefined variable: configinfo D:\WWW\blog\App\Runtime\Cache\Admin\b90703ca8b2bf3535fa3d9139253085d.php 第 21 行.
INFO: Run Behavior\ParseTemplateBehavior [ RunTime:0.029002s ]
INFO: [ view_parse ] --END-- [ RunTime:0.029002s ]
INFO: [ view_filter ] --START--
INFO: Run Behavior\WriteHtmlCacheBehavior [ RunTime:0.000000s ]
INFO: [ view_filter ] --END-- [ RunTime:0.001000s ]
INFO: [ app_end ] --START--
INFO: Run Behavior\ShowPageTraceBehavior [ RunTime:0.002000s ]
INFO: [ app_end ] --END-- [ RunTime:0.002000s ]

[ 2017-05-27T13:10:59+08:00 ] 127.0.0.1 /admin/content/index
INFO: [ app_init ] --START--
INFO: Run Behavior\BuildLiteBehavior [ RunTime:0.000000s ]
INFO: [ app_init ] --END-- [ RunTime:0.001000s ]
INFO: [ app_begin ] --START--
INFO: Run Behavior\ReadHtmlCacheBehavior [ RunTime:0.002000s ]
INFO: [ app_begin ] --END-- [ RunTime:0.002000s ]
SQL: SHOW COLUMNS FROM `blog_content` [ RunTime:0.0570s ]
SQL: select a.*,b.type_name from blog_content a left join blog_type b on a.type_id=b.id [ RunTime:0.0030s ]
SQL: select a.*,b.type_name from blog_content a left join blog_type b on a.type_id=b.id order by a.create_time desc limit 0,5 [ RunTime:0.0030s ]
INFO: [ view_parse ] --START--
INFO: [ template_filter ] --START--
INFO: Run Behavior\ContentReplaceBehavior [ RunTime:0.000000s ]
INFO: [ template_filter ] --END-- [ RunTime:0.000000s ]
NOTIC: [8] Undefined variable: configinfo D:\WWW\blog\App\Runtime\Cache\Admin\6e3791952b5e133e055abbbf30a98617.php 第 19 行.
NOTIC: [8] Undefined variable: configinfo D:\WWW\blog\App\Runtime\Cache\Admin\6e3791952b5e133e055abbbf30a98617.php 第 20 行.
NOTIC: [8] Undefined variable: configinfo D:\WWW\blog\App\Runtime\Cache\Admin\6e3791952b5e133e055abbbf30a98617.php 第 21 行.
INFO: Run Behavior\ParseTemplateBehavior [ RunTime:0.058003s ]
INFO: [ view_parse ] --END-- [ RunTime:0.058003s ]
INFO: [ view_filter ] --START--
INFO: Run Behavior\WriteHtmlCacheBehavior [ RunTime:0.001000s ]
INFO: [ view_filter ] --END-- [ RunTime:0.001000s ]
INFO: [ app_end ] --START--
INFO: Run Behavior\ShowPageTraceBehavior [ RunTime:0.002000s ]
INFO: [ app_end ] --END-- [ RunTime:0.002000s ]

