[ 2017-05-25T13:20:30+08:00 ] 127.0.0.1 /uploads/20170508/fc18109a89391a58940714d50cd68868.png
INFO: [ app_init ] --START--
INFO: Run Behavior\BuildLiteBehavior [ RunTime:0.000000s ]
INFO: [ app_init ] --END-- [ RunTime:0.001000s ]
ERR: 无法加载模块:Uploads

[ 2017-05-25T13:20:30+08:00 ] 127.0.0.1 /uploads/20170508/9e707115d81ed208fca90fe0e98e3082.jpg
INFO: [ app_init ] --START--
INFO: Run Behavior\BuildLiteBehavior [ RunTime:0.000000s ]
INFO: [ app_init ] --END-- [ RunTime:0.002000s ]
ERR: 无法加载模块:Uploads

[ 2017-05-25T13:21:00+08:00 ] 127.0.0.1 /category/6
INFO: [ app_init ] --START--
INFO: Run Behavior\BuildLiteBehavior [ RunTime:0.000000s ]
INFO: [ app_init ] --END-- [ RunTime:0.000000s ]
ERR: 无法加载模块:Category

[ 2017-05-25T13:28:43+08:00 ] 127.0.0.1 /uploads/20170508/fc18109a89391a58940714d50cd68868.png
INFO: [ app_init ] --START--
INFO: Run Behavior\BuildLiteBehavior [ RunTime:0.000000s ]
INFO: [ app_init ] --END-- [ RunTime:0.001000s ]
ERR: 无法加载模块:Uploads

[ 2017-05-25T13:28:43+08:00 ] 127.0.0.1 /uploads/20170508/9e707115d81ed208fca90fe0e98e3082.jpg
INFO: [ app_init ] --START--
INFO: Run Behavior\BuildLiteBehavior [ RunTime:0.000000s ]
INFO: [ app_init ] --END-- [ RunTime:0.001000s ]
ERR: 无法加载模块:Uploads

[ 2017-05-25T13:30:41+08:00 ] 127.0.0.1 /uploads/20170508/fc18109a89391a58940714d50cd68868.png
INFO: [ app_init ] --START--
INFO: Run Behavior\BuildLiteBehavior [ RunTime:0.000000s ]
INFO: [ app_init ] --END-- [ RunTime:0.000000s ]
ERR: 无法加载模块:Uploads

[ 2017-05-25T13:30:41+08:00 ] 127.0.0.1 /uploads/20170508/9e707115d81ed208fca90fe0e98e3082.jpg
INFO: [ app_init ] --START--
INFO: Run Behavior\BuildLiteBehavior [ RunTime:0.000000s ]
INFO: [ app_init ] --END-- [ RunTime:0.001000s ]
ERR: 无法加载模块:Uploads

[ 2017-05-25T13:38:20+08:00 ] 127.0.0.1 /uploads/20170508/fc18109a89391a58940714d50cd68868.png
INFO: [ app_init ] --START--
INFO: Run Behavior\BuildLiteBehavior [ RunTime:0.000000s ]
INFO: [ app_init ] --END-- [ RunTime:0.001000s ]
ERR: 无法加载模块:Uploads

[ 2017-05-25T13:38:20+08:00 ] 127.0.0.1 /uploads/20170508/9e707115d81ed208fca90fe0e98e3082.jpg
INFO: [ app_init ] --START--
INFO: Run Behavior\BuildLiteBehavior [ RunTime:0.000000s ]
INFO: [ app_init ] --END-- [ RunTime:0.001000s ]
ERR: 无法加载模块:Uploads

[ 2017-05-25T13:40:52+08:00 ] 127.0.0.1 /uploads/20170508/fc18109a89391a58940714d50cd68868.png
INFO: [ app_init ] --START--
INFO: Run Behavior\BuildLiteBehavior [ RunTime:0.000000s ]
INFO: [ app_init ] --END-- [ RunTime:0.001000s ]
ERR: 无法加载模块:Uploads

[ 2017-05-25T13:40:52+08:00 ] 127.0.0.1 /uploads/20170508/9e707115d81ed208fca90fe0e98e3082.jpg
INFO: [ app_init ] --START--
INFO: Run Behavior\BuildLiteBehavior [ RunTime:0.000000s ]
INFO: [ app_init ] --END-- [ RunTime:0.001000s ]
ERR: 无法加载模块:Uploads

[ 2017-05-25T13:54:44+08:00 ] 127.0.0.1 /uploads/20170508/fc18109a89391a58940714d50cd68868.png
INFO: [ app_init ] --START--
INFO: Run Behavior\BuildLiteBehavior [ RunTime:0.000000s ]
INFO: [ app_init ] --END-- [ RunTime:0.000000s ]
ERR: 无法加载模块:Uploads

[ 2017-05-25T14:00:52+08:00 ] 127.0.0.1 /uploads/20170508/fc18109a89391a58940714d50cd68868.png
INFO: [ app_init ] --START--
INFO: Run Behavior\BuildLiteBehavior [ RunTime:0.000000s ]
INFO: [ app_init ] --END-- [ RunTime:0.001000s ]
ERR: 无法加载模块:Uploads

[ 2017-05-25T14:00:52+08:00 ] 127.0.0.1 /uploads/20170508/9e707115d81ed208fca90fe0e98e3082.jpg
INFO: [ app_init ] --START--
INFO: Run Behavior\BuildLiteBehavior [ RunTime:0.000000s ]
INFO: [ app_init ] --END-- [ RunTime:0.001000s ]
ERR: 无法加载模块:Uploads

[ 2017-05-25T14:01:48+08:00 ] 127.0.0.1 /uploads/20170508/fc18109a89391a58940714d50cd68868.png
INFO: [ app_init ] --START--
INFO: Run Behavior\BuildLiteBehavior [ RunTime:0.000000s ]
INFO: [ app_init ] --END-- [ RunTime:0.001000s ]
ERR: 无法加载模块:Uploads

[ 2017-05-25T14:01:48+08:00 ] 127.0.0.1 /uploads/20170508/9e707115d81ed208fca90fe0e98e3082.jpg
INFO: [ app_init ] --START--
INFO: Run Behavior\BuildLiteBehavior [ RunTime:0.000000s ]
INFO: [ app_init ] --END-- [ RunTime:0.002000s ]
ERR: 无法加载模块:Uploads

[ 2017-05-25T14:26:55+08:00 ] 127.0.0.1 /uploads/20170508/fc18109a89391a58940714d50cd68868.png
INFO: [ app_init ] --START--
INFO: Run Behavior\BuildLiteBehavior [ RunTime:0.000000s ]
INFO: [ app_init ] --END-- [ RunTime:0.001000s ]
ERR: 无法加载模块:Uploads

[ 2017-05-25T14:26:58+08:00 ] 127.0.0.1 /category/6
INFO: [ app_init ] --START--
INFO: Run Behavior\BuildLiteBehavior [ RunTime:0.000000s ]
INFO: [ app_init ] --END-- [ RunTime:0.000000s ]
ERR: 无法加载模块:Category

[ 2017-05-25T14:31:43+08:00 ] 127.0.0.1 /uploads/20170508/fc18109a89391a58940714d50cd68868.png
INFO: [ app_init ] --START--
INFO: Run Behavior\BuildLiteBehavior [ RunTime:0.000000s ]
INFO: [ app_init ] --END-- [ RunTime:0.001000s ]
ERR: 无法加载模块:Uploads

[ 2017-05-25T14:31:43+08:00 ] 127.0.0.1 /uploads/20170508/9e707115d81ed208fca90fe0e98e3082.jpg
INFO: [ app_init ] --START--
INFO: Run Behavior\BuildLiteBehavior [ RunTime:0.000000s ]
INFO: [ app_init ] --END-- [ RunTime:0.001000s ]
ERR: 无法加载模块:Uploads

[ 2017-05-25T14:31:44+08:00 ] 127.0.0.1 /article/6
INFO: [ app_init ] --START--
INFO: Run Behavior\BuildLiteBehavior [ RunTime:0.000000s ]
INFO: [ app_init ] --END-- [ RunTime:0.000000s ]
ERR: 无法加载模块:Article

[ 2017-05-25T14:32:33+08:00 ] 127.0.0.1 /uploads/20170508/fc18109a89391a58940714d50cd68868.png
INFO: [ app_init ] --START--
INFO: Run Behavior\BuildLiteBehavior [ RunTime:0.000000s ]
INFO: [ app_init ] --END-- [ RunTime:0.001001s ]
ERR: 无法加载模块:Uploads

[ 2017-05-25T14:32:33+08:00 ] 127.0.0.1 /uploads/20170508/9e707115d81ed208fca90fe0e98e3082.jpg
INFO: [ app_init ] --START--
INFO: Run Behavior\BuildLiteBehavior [ RunTime:0.000000s ]
INFO: [ app_init ] --END-- [ RunTime:0.001000s ]
ERR: 无法加载模块:Uploads

[ 2017-05-25T14:32:34+08:00 ] 127.0.0.1 /article/6
INFO: [ app_init ] --START--
INFO: Run Behavior\BuildLiteBehavior [ RunTime:0.000000s ]
INFO: [ app_init ] --END-- [ RunTime:0.000000s ]
ERR: 无法加载模块:Article

[ 2017-05-25T14:33:19+08:00 ] 127.0.0.1 /article/6
INFO: [ app_init ] --START--
INFO: Run Behavior\BuildLiteBehavior [ RunTime:0.000000s ]
INFO: [ app_init ] --END-- [ RunTime:0.001000s ]
ERR: 无法加载模块:Article

[ 2017-05-25T14:33:33+08:00 ] 127.0.0.1 /article/6
INFO: [ app_init ] --START--
INFO: Run Behavior\BuildLiteBehavior [ RunTime:0.000000s ]
INFO: [ app_init ] --END-- [ RunTime:0.001000s ]
ERR: 无法加载模块:Article

[ 2017-05-25T14:33:38+08:00 ] 127.0.0.1 /uploads/20170508/fc18109a89391a58940714d50cd68868.png
INFO: [ app_init ] --START--
INFO: Run Behavior\BuildLiteBehavior [ RunTime:0.001000s ]
INFO: [ app_init ] --END-- [ RunTime:0.001000s ]
ERR: 无法加载模块:Uploads

[ 2017-05-25T14:33:38+08:00 ] 127.0.0.1 /uploads/20170508/9e707115d81ed208fca90fe0e98e3082.jpg
INFO: [ app_init ] --START--
INFO: Run Behavior\BuildLiteBehavior [ RunTime:0.000000s ]
INFO: [ app_init ] --END-- [ RunTime:0.001000s ]
ERR: 无法加载模块:Uploads

[ 2017-05-25T14:33:38+08:00 ] 127.0.0.1 /article/6
INFO: [ app_init ] --START--
INFO: Run Behavior\BuildLiteBehavior [ RunTime:0.000000s ]
INFO: [ app_init ] --END-- [ RunTime:0.001000s ]
ERR: 无法加载模块:Article

[ 2017-05-25T14:34:14+08:00 ] 127.0.0.1 /uploads/20170508/fc18109a89391a58940714d50cd68868.png
INFO: [ app_init ] --START--
INFO: Run Behavior\BuildLiteBehavior [ RunTime:0.000000s ]
INFO: [ app_init ] --END-- [ RunTime:0.001000s ]
ERR: 无法加载模块:Uploads

[ 2017-05-25T14:34:14+08:00 ] 127.0.0.1 /uploads/20170508/9e707115d81ed208fca90fe0e98e3082.jpg
INFO: [ app_init ] --START--
INFO: Run Behavior\BuildLiteBehavior [ RunTime:0.000000s ]
INFO: [ app_init ] --END-- [ RunTime:0.001000s ]
ERR: 无法加载模块:Uploads

[ 2017-05-25T14:34:16+08:00 ] 127.0.0.1 /index/article/6
INFO: [ app_init ] --START--
INFO: Run Behavior\BuildLiteBehavior [ RunTime:0.000000s ]
INFO: [ app_init ] --END-- [ RunTime:0.001000s ]
ERR: 无法加载模块:Index

[ 2017-05-25T14:35:10+08:00 ] 127.0.0.1 /index/article/6
INFO: [ app_init ] --START--
INFO: Run Behavior\BuildLiteBehavior [ RunTime:0.000000s ]
INFO: [ app_init ] --END-- [ RunTime:0.001000s ]
ERR: 无法加载模块:Index

[ 2017-05-25T14:35:16+08:00 ] 127.0.0.1 /uploads/20170508/fc18109a89391a58940714d50cd68868.png
INFO: [ app_init ] --START--
INFO: Run Behavior\BuildLiteBehavior [ RunTime:0.000000s ]
INFO: [ app_init ] --END-- [ RunTime:0.001000s ]
ERR: 无法加载模块:Uploads

[ 2017-05-25T14:35:16+08:00 ] 127.0.0.1 /uploads/20170508/9e707115d81ed208fca90fe0e98e3082.jpg
INFO: [ app_init ] --START--
INFO: Run Behavior\BuildLiteBehavior [ RunTime:0.000000s ]
INFO: [ app_init ] --END-- [ RunTime:0.001000s ]
ERR: 无法加载模块:Uploads

[ 2017-05-25T14:43:00+08:00 ] 127.0.0.1 /uploads/20170508/9e707115d81ed208fca90fe0e98e3082.jpg
INFO: [ app_init ] --START--
INFO: Run Behavior\BuildLiteBehavior [ RunTime:0.000000s ]
INFO: [ app_init ] --END-- [ RunTime:0.001000s ]
ERR: 无法加载模块:Uploads

[ 2017-05-25T14:43:00+08:00 ] 127.0.0.1 /uploads/20170508/fc18109a89391a58940714d50cd68868.png
INFO: [ app_init ] --START--
INFO: Run Behavior\BuildLiteBehavior [ RunTime:0.000000s ]
INFO: [ app_init ] --END-- [ RunTime:0.001000s ]
ERR: 无法加载模块:Uploads

[ 2017-05-25T14:54:09+08:00 ] 127.0.0.1 /uploads/20170508/fc18109a89391a58940714d50cd68868.png
INFO: [ app_init ] --START--
INFO: Run Behavior\BuildLiteBehavior [ RunTime:0.000000s ]
INFO: [ app_init ] --END-- [ RunTime:0.000000s ]
ERR: 无法加载模块:Uploads

[ 2017-05-25T14:54:09+08:00 ] 127.0.0.1 /uploads/20170508/9e707115d81ed208fca90fe0e98e3082.jpg
INFO: [ app_init ] --START--
INFO: Run Behavior\BuildLiteBehavior [ RunTime:0.000000s ]
INFO: [ app_init ] --END-- [ RunTime:0.000000s ]
ERR: 无法加载模块:Uploads

[ 2017-05-25T15:02:02+08:00 ] 127.0.0.1 /uploads/20170508/9e707115d81ed208fca90fe0e98e3082.jpg
INFO: [ app_init ] --START--
INFO: Run Behavior\BuildLiteBehavior [ RunTime:0.000000s ]
INFO: [ app_init ] --END-- [ RunTime:0.001000s ]
ERR: 无法加载模块:Uploads

[ 2017-05-25T15:02:02+08:00 ] 127.0.0.1 /uploads/20170508/fc18109a89391a58940714d50cd68868.png
INFO: [ app_init ] --START--
INFO: Run Behavior\BuildLiteBehavior [ RunTime:0.000000s ]
INFO: [ app_init ] --END-- [ RunTime:0.002000s ]
ERR: 无法加载模块:Uploads

[ 2017-05-25T15:08:01+08:00 ] 127.0.0.1 /uploads/20170508/fc18109a89391a58940714d50cd68868.png
INFO: [ app_init ] --START--
INFO: Run Behavior\BuildLiteBehavior [ RunTime:0.000000s ]
INFO: [ app_init ] --END-- [ RunTime:0.001001s ]
ERR: 无法加载模块:Uploads

[ 2017-05-25T15:08:01+08:00 ] 127.0.0.1 /uploads/20170508/9e707115d81ed208fca90fe0e98e3082.jpg
INFO: [ app_init ] --START--
INFO: Run Behavior\BuildLiteBehavior [ RunTime:0.000000s ]
INFO: [ app_init ] --END-- [ RunTime:0.001000s ]
ERR: 无法加载模块:Uploads

[ 2017-05-25T15:36:57+08:00 ] 127.0.0.1 /uploads/20170508/fc18109a89391a58940714d50cd68868.png
INFO: [ app_init ] --START--
INFO: Run Behavior\BuildLiteBehavior [ RunTime:0.000000s ]
INFO: [ app_init ] --END-- [ RunTime:0.001000s ]
ERR: 无法加载模块:Uploads

[ 2017-05-25T15:36:57+08:00 ] 127.0.0.1 /uploads/20170508/9e707115d81ed208fca90fe0e98e3082.jpg
INFO: [ app_init ] --START--
INFO: Run Behavior\BuildLiteBehavior [ RunTime:0.000000s ]
INFO: [ app_init ] --END-- [ RunTime:0.001000s ]
ERR: 无法加载模块:Uploads

[ 2017-05-25T15:37:08+08:00 ] 127.0.0.1 /uploads/20170508/fc18109a89391a58940714d50cd68868.png
INFO: [ app_init ] --START--
INFO: Run Behavior\BuildLiteBehavior [ RunTime:0.000000s ]
INFO: [ app_init ] --END-- [ RunTime:0.001000s ]
ERR: 无法加载模块:Uploads

[ 2017-05-25T15:37:08+08:00 ] 127.0.0.1 /uploads/20170508/9e707115d81ed208fca90fe0e98e3082.jpg
INFO: [ app_init ] --START--
INFO: Run Behavior\BuildLiteBehavior [ RunTime:0.000000s ]
INFO: [ app_init ] --END-- [ RunTime:0.001000s ]
ERR: 无法加载模块:Uploads

[ 2017-05-25T15:37:39+08:00 ] 127.0.0.1 /uploads/20170508/fc18109a89391a58940714d50cd68868.png
INFO: [ app_init ] --START--
INFO: Run Behavior\BuildLiteBehavior [ RunTime:0.000000s ]
INFO: [ app_init ] --END-- [ RunTime:0.002000s ]
ERR: 无法加载模块:Uploads

[ 2017-05-25T15:37:39+08:00 ] 127.0.0.1 /uploads/20170508/9e707115d81ed208fca90fe0e98e3082.jpg
INFO: [ app_init ] --START--
INFO: Run Behavior\BuildLiteBehavior [ RunTime:0.000000s ]
INFO: [ app_init ] --END-- [ RunTime:0.003000s ]
ERR: 无法加载模块:Uploads

[ 2017-05-25T15:40:24+08:00 ] 127.0.0.1 /uploads/20170508/fc18109a89391a58940714d50cd68868.png
INFO: [ app_init ] --START--
INFO: Run Behavior\BuildLiteBehavior [ RunTime:0.000000s ]
INFO: [ app_init ] --END-- [ RunTime:0.001000s ]
ERR: 无法加载模块:Uploads

[ 2017-05-25T15:40:24+08:00 ] 127.0.0.1 /uploads/20170508/9e707115d81ed208fca90fe0e98e3082.jpg
INFO: [ app_init ] --START--
INFO: Run Behavior\BuildLiteBehavior [ RunTime:0.000000s ]
INFO: [ app_init ] --END-- [ RunTime:0.001000s ]
ERR: 无法加载模块:Uploads

[ 2017-05-25T15:41:26+08:00 ] 127.0.0.1 /uploads/20170508/9e707115d81ed208fca90fe0e98e3082.jpg
INFO: [ app_init ] --START--
INFO: Run Behavior\BuildLiteBehavior [ RunTime:0.000000s ]
INFO: [ app_init ] --END-- [ RunTime:0.000000s ]
ERR: 无法加载模块:Uploads

[ 2017-05-25T15:41:26+08:00 ] 127.0.0.1 /uploads/20170508/fc18109a89391a58940714d50cd68868.png
INFO: [ app_init ] --START--
INFO: Run Behavior\BuildLiteBehavior [ RunTime:0.000000s ]
INFO: [ app_init ] --END-- [ RunTime:0.001000s ]
ERR: 无法加载模块:Uploads

[ 2017-05-25T15:42:08+08:00 ] 127.0.0.1 /uploads/20170508/fc18109a89391a58940714d50cd68868.png
INFO: [ app_init ] --START--
INFO: Run Behavior\BuildLiteBehavior [ RunTime:0.000000s ]
INFO: [ app_init ] --END-- [ RunTime:0.001000s ]
ERR: 无法加载模块:Uploads

[ 2017-05-25T15:42:08+08:00 ] 127.0.0.1 /uploads/20170508/9e707115d81ed208fca90fe0e98e3082.jpg
INFO: [ app_init ] --START--
INFO: Run Behavior\BuildLiteBehavior [ RunTime:0.000000s ]
INFO: [ app_init ] --END-- [ RunTime:0.001001s ]
ERR: 无法加载模块:Uploads

[ 2017-05-25T17:27:51+08:00 ] 127.0.0.1 /ueditor/php/upload/image/20170508/1494237515672693.png
INFO: [ app_init ] --START--
INFO: Run Behavior\BuildLiteBehavior [ RunTime:0.000000s ]
INFO: [ app_init ] --END-- [ RunTime:0.001000s ]
ERR: 无法加载模块:Ueditor

[ 2017-05-25T17:29:50+08:00 ] 127.0.0.1 /ueditor/php/upload/image/20170508/1494237515672693.png
INFO: [ app_init ] --START--
INFO: Run Behavior\BuildLiteBehavior [ RunTime:0.000000s ]
INFO: [ app_init ] --END-- [ RunTime:0.001000s ]
ERR: 无法加载模块:Ueditor

[ 2017-05-25T17:41:15+08:00 ] 127.0.0.1 /uploads/20170508/9e707115d81ed208fca90fe0e98e3082.jpg
INFO: [ app_init ] --START--
INFO: Run Behavior\BuildLiteBehavior [ RunTime:0.000000s ]
INFO: [ app_init ] --END-- [ RunTime:0.001000s ]
ERR: 无法加载模块:Uploads

[ 2017-05-25T17:41:15+08:00 ] 127.0.0.1 /uploads/20170508/fc18109a89391a58940714d50cd68868.png
INFO: [ app_init ] --START--
INFO: Run Behavior\BuildLiteBehavior [ RunTime:0.000000s ]
INFO: [ app_init ] --END-- [ RunTime:0.000000s ]
ERR: 无法加载模块:Uploads

[ 2017-05-25T17:54:20+08:00 ] 127.0.0.1 /uploads/20170508/fc18109a89391a58940714d50cd68868.png
INFO: [ app_init ] --START--
INFO: Run Behavior\BuildLiteBehavior [ RunTime:0.000000s ]
INFO: [ app_init ] --END-- [ RunTime:0.001000s ]
ERR: 无法加载模块:Uploads

[ 2017-05-25T17:54:20+08:00 ] 127.0.0.1 /uploads/20170508/9e707115d81ed208fca90fe0e98e3082.jpg
INFO: [ app_init ] --START--
INFO: Run Behavior\BuildLiteBehavior [ RunTime:0.000000s ]
INFO: [ app_init ] --END-- [ RunTime:0.001000s ]
ERR: 无法加载模块:Uploads

[ 2017-05-25T17:54:32+08:00 ] 127.0.0.1 /ueditor/php/upload/image/20170508/1494237515672693.png
INFO: [ app_init ] --START--
INFO: Run Behavior\BuildLiteBehavior [ RunTime:0.000000s ]
INFO: [ app_init ] --END-- [ RunTime:0.001000s ]
ERR: 无法加载模块:Ueditor

[ 2017-05-25T17:55:22+08:00 ] 127.0.0.1 /ueditor/php/upload/image/20170508/1494237515672693.png
INFO: [ app_init ] --START--
INFO: Run Behavior\BuildLiteBehavior [ RunTime:0.000000s ]
INFO: [ app_init ] --END-- [ RunTime:0.001000s ]
ERR: 无法加载模块:Ueditor

[ 2017-05-25T17:55:26+08:00 ] 127.0.0.1 /ueditor/php/upload/image/20170508/1494237515672693.png
INFO: [ app_init ] --START--
INFO: Run Behavior\BuildLiteBehavior [ RunTime:0.001001s ]
INFO: [ app_init ] --END-- [ RunTime:0.001001s ]
ERR: 无法加载模块:Ueditor

[ 2017-05-25T17:55:33+08:00 ] 127.0.0.1 /ueditor/php/upload/image/20170508/1494237515672693.png
INFO: [ app_init ] --START--
INFO: Run Behavior\BuildLiteBehavior [ RunTime:0.000000s ]
INFO: [ app_init ] --END-- [ RunTime:0.000000s ]
ERR: 无法加载模块:Ueditor

[ 2017-05-25T17:59:02+08:00 ] 127.0.0.1 /ueditor/php/upload/image/20170508/1494237515672693.png
INFO: [ app_init ] --START--
INFO: Run Behavior\BuildLiteBehavior [ RunTime:0.000000s ]
INFO: [ app_init ] --END-- [ RunTime:0.001000s ]
ERR: 无法加载模块:Ueditor

[ 2017-05-25T18:01:03+08:00 ] 127.0.0.1 /ueditor/php/upload/image/20170508/1494237515672693.png
INFO: [ app_init ] --START--
INFO: Run Behavior\BuildLiteBehavior [ RunTime:0.000000s ]
INFO: [ app_init ] --END-- [ RunTime:0.001000s ]
ERR: 无法加载模块:Ueditor

[ 2017-05-25T18:02:08+08:00 ] 127.0.0.1 /ueditor/php/upload/image/20170508/1494237515672693.png
INFO: [ app_init ] --START--
INFO: Run Behavior\BuildLiteBehavior [ RunTime:0.000000s ]
INFO: [ app_init ] --END-- [ RunTime:0.000000s ]
ERR: 无法加载模块:Ueditor

[ 2017-05-25T18:05:46+08:00 ] 127.0.0.1 /ueditor/php/upload/image/20170508/1494237515672693.png
INFO: [ app_init ] --START--
INFO: Run Behavior\BuildLiteBehavior [ RunTime:0.000000s ]
INFO: [ app_init ] --END-- [ RunTime:0.001000s ]
ERR: 无法加载模块:Ueditor

[ 2017-05-25T18:15:50+08:00 ] 127.0.0.1 /static/home/images/copy.png
INFO: [ app_init ] --START--
INFO: Run Behavior\BuildLiteBehavior [ RunTime:0.000000s ]
INFO: [ app_init ] --END-- [ RunTime:0.000000s ]
ERR: 无法加载模块:Static

[ 2017-05-25T18:16:52+08:00 ] 127.0.0.1 /static/home/images/copy.png
INFO: [ app_init ] --START--
INFO: Run Behavior\BuildLiteBehavior [ RunTime:0.000000s ]
INFO: [ app_init ] --END-- [ RunTime:0.000000s ]
ERR: 无法加载模块:Static

[ 2017-05-25T18:17:16+08:00 ] 127.0.0.1 /uploads/20170508/9e707115d81ed208fca90fe0e98e3082.jpg
INFO: [ app_init ] --START--
INFO: Run Behavior\BuildLiteBehavior [ RunTime:0.000000s ]
INFO: [ app_init ] --END-- [ RunTime:0.001000s ]
ERR: 无法加载模块:Uploads

[ 2017-05-25T18:17:16+08:00 ] 127.0.0.1 /uploads/20170508/fc18109a89391a58940714d50cd68868.png
INFO: [ app_init ] --START--
INFO: Run Behavior\BuildLiteBehavior [ RunTime:0.000000s ]
INFO: [ app_init ] --END-- [ RunTime:0.001000s ]
ERR: 无法加载模块:Uploads

[ 2017-05-25T18:18:30+08:00 ] 127.0.0.1 /static/home/images/copy.png
INFO: [ app_init ] --START--
INFO: Run Behavior\BuildLiteBehavior [ RunTime:0.000000s ]
INFO: [ app_init ] --END-- [ RunTime:0.001000s ]
ERR: 无法加载模块:Static

[ 2017-05-25T20:29:16+08:00 ] 127.0.0.1 /static/home/images/copy.png
INFO: [ app_init ] --START--
INFO: Run Behavior\BuildLiteBehavior [ RunTime:0.000000s ]
INFO: [ app_init ] --END-- [ RunTime:0.000000s ]
ERR: 无法加载模块:Static

[ 2017-05-25T20:30:27+08:00 ] 127.0.0.1 /static/home/images/copy.png
INFO: [ app_init ] --START--
INFO: Run Behavior\BuildLiteBehavior [ RunTime:0.000000s ]
INFO: [ app_init ] --END-- [ RunTime:0.001000s ]
ERR: 无法加载模块:Static

[ 2017-05-25T20:36:13+08:00 ] 127.0.0.1 /static/home/images/copy.png
INFO: [ app_init ] --START--
INFO: Run Behavior\BuildLiteBehavior [ RunTime:0.000000s ]
INFO: [ app_init ] --END-- [ RunTime:0.000000s ]
ERR: 无法加载模块:Static

[ 2017-05-25T20:39:07+08:00 ] 127.0.0.1 /static/home/images/copy.png
INFO: [ app_init ] --START--
INFO: Run Behavior\BuildLiteBehavior [ RunTime:0.000000s ]
INFO: [ app_init ] --END-- [ RunTime:0.001000s ]
ERR: 无法加载模块:Static

[ 2017-05-25T20:54:26+08:00 ] 127.0.0.1 /static/home/images/copy.png
INFO: [ app_init ] --START--
INFO: Run Behavior\BuildLiteBehavior [ RunTime:0.000000s ]
INFO: [ app_init ] --END-- [ RunTime:0.001000s ]
ERR: 无法加载模块:Static

[ 2017-05-25T20:58:48+08:00 ] 127.0.0.1 /category/10
INFO: [ app_init ] --START--
INFO: Run Behavior\BuildLiteBehavior [ RunTime:0.000000s ]
INFO: [ app_init ] --END-- [ RunTime:0.000000s ]
ERR: 无法加载模块:Category

[ 2017-05-25T23:18:56+08:00 ] 127.0.0.1 /article/8
INFO: [ app_init ] --START--
INFO: Run Behavior\BuildLiteBehavior [ RunTime:0.000000s ]
INFO: [ app_init ] --END-- [ RunTime:0.001000s ]
ERR: 无法加载模块:Article

[ 2017-05-25T23:20:40+08:00 ] 127.0.0.1 /article/8
INFO: [ app_init ] --START--
INFO: Run Behavior\BuildLiteBehavior [ RunTime:0.000000s ]
INFO: [ app_init ] --END-- [ RunTime:0.001000s ]
ERR: 无法加载模块:Article

